<?xml version="1.0" encoding="UTF-8"?>
<coverage generated="1786724476107" clover="3.2.0">
  <project timestamp="1786724476107" name="All files">
    <metrics statements="1075" coveredstatements="966" conditionals="460" coveredconditionals="421" methods="144" coveredmethods="130" elements="1679" coveredelements="1517" complexity="0" loc="1075" ncloc="1075" packages="11" files="32" classes="32"/>
    <package name="scripts">
      <metrics statements="3" coveredstatements="0" conditionals="1" coveredconditionals="0" methods="1" coveredmethods="0"/>
      <file name="register-ts-node.js" path="/Users/harry/Code/personal/sulkweb/packages/engine/scripts/register-ts-node.js">
        <metrics statements="3" coveredstatements="0" conditionals="1" coveredconditionals="0" methods="1" coveredmethods="0"/>
        <line num="1" count="0" type="cond" truecount="0" falsecount="1"/>
        <line num="2" count="0" type="stmt"/>
        <line num="4" count="0" type="stmt"/>
      </file>
    </package>
    <package name="src">
      <metrics statements="166" coveredstatements="136" conditionals="54" coveredconditionals="42" methods="15" coveredmethods="14"/>
      <file name="GameCycle.ts" path="/Users/harry/Code/personal/sulkweb/packages/engine/src/GameCycle.ts">
        <metrics statements="13" coveredstatements="13" conditionals="3" coveredconditionals="3" methods="3" coveredmethods="3"/>
        <line num="2" count="1" type="stmt"/>
        <line num="5" count="1" type="cond" truecount="1" falsecount="0"/>
        <line num="7" count="3" type="stmt"/>
        <line num="8" count="3" type="stmt"/>
        <line num="10" count="3" type="cond" truecount="1" falsecount="0"/>
        <line num="11" count="3" type="stmt"/>
        <line num="12" count="3" type="stmt"/>
        <line num="13" count="3" type="stmt"/>
        <line num="16" count="3" type="cond" truecount="1" falsecount="0"/>
        <line num="17" count="16" type="stmt"/>
        <line num="18" count="16" type="stmt"/>
        <line num="19" count="16" type="stmt"/>
        <line num="20" count="3" type="stmt"/>
      </file>
      <file name="GameEngine.ts" path="/Users/harry/Code/personal/sulkweb/packages/engine/src/GameEngine.ts">
        <metrics statements="101" coveredstatements="99" conditionals="50" coveredconditionals="38" methods="11" coveredmethods="10"/>
        <line num="2" count="1" type="stmt"/>
        <line num="3" count="1" type="stmt"/>
        <line num="5" count="1" type="stmt"/>
        <line num="6" count="1" type="stmt"/>
        <line num="7" count="1" type="stmt"/>
        <line num="18" count="1" type="stmt"/>
        <line num="21" count="1" type="stmt"/>
        <line num="23" count="1" type="cond" truecount="1" falsecount="0"/>
        <line num="24" count="16" type="stmt"/>
        <line num="25" count="16" type="stmt"/>
        <line num="26" count="16" type="stmt"/>
        <line num="27" count="16" type="stmt"/>
        <line num="29" count="16" type="stmt"/>
        <line num="31" count="16" type="stmt"/>
        <line num="33" count="16" type="cond" truecount="1" falsecount="0"/>
        <line num="34" count="16" type="stmt"/>
        <line num="35" count="16" type="stmt"/>
        <line num="36" count="16" type="stmt"/>
        <line num="37" count="16" type="cond" truecount="0" falsecount="1"/>
        <line num="40" count="16" type="cond" truecount="1" falsecount="1"/>
        <line num="41" count="44" type="cond" truecount="0" falsecount="1"/>
        <line num="42" count="44" type="stmt"/>
        <line num="44" count="16" type="cond" truecount="1" falsecount="1"/>
        <line num="45" count="16" type="cond" truecount="1" falsecount="1"/>
        <line num="46" count="3" type="stmt"/>
        <line num="47" count="3" type="stmt"/>
        <line num="48" count="16" type="stmt"/>
        <line num="49" count="16" type="stmt"/>
        <line num="51" count="16" type="stmt"/>
        <line num="52" count="0" type="stmt"/>
        <line num="53" count="0" type="stmt"/>
        <line num="55" count="16" type="cond" truecount="1" falsecount="0"/>
        <line num="56" count="32" type="cond" truecount="1" falsecount="0"/>
        <line num="57" count="32" type="stmt"/>
        <line num="59" count="16" type="cond" truecount="1" falsecount="0"/>
        <line num="60" count="12" type="cond" truecount="1" falsecount="0"/>
        <line num="61" count="12" type="stmt"/>
        <line num="64" count="16" type="cond" truecount="1" falsecount="0"/>
        <line num="65" count="1" type="cond" truecount="0" falsecount="1"/>
        <line num="66" count="1" type="cond" truecount="0" falsecount="1"/>
        <line num="67" count="1" type="stmt"/>
        <line num="68" count="1" type="stmt"/>
        <line num="69" count="1" type="stmt"/>
        <line num="70" count="1" type="stmt"/>
        <line num="71" count="1" type="stmt"/>
        <line num="72" count="1" type="stmt"/>
        <line num="78" count="16" type="cond" truecount="1" falsecount="0"/>
        <line num="79" count="10" type="cond" truecount="3" falsecount="0"/>
        <line num="81" count="8" type="stmt"/>
        <line num="82" count="8" type="stmt"/>
        <line num="83" count="10" type="cond" truecount="1" falsecount="1"/>
        <line num="86" count="10" type="cond" truecount="3" falsecount="1"/>
        <line num="87" count="6" type="cond" truecount="1" falsecount="0"/>
        <line num="88" count="6" type="stmt"/>
        <line num="89" count="6" type="stmt"/>
        <line num="90" count="6" type="stmt"/>
        <line num="91" count="6" type="stmt"/>
        <line num="92" count="6" type="cond" truecount="1" falsecount="0"/>
        <line num="93" count="8" type="stmt"/>
        <line num="96" count="8" type="stmt"/>
        <line num="99" count="8" type="stmt"/>
        <line num="100" count="8" type="cond" truecount="2" falsecount="0"/>
        <line num="102" count="6" type="stmt"/>
        <line num="103" count="10" type="cond" truecount="1" falsecount="0"/>
        <line num="104" count="56" type="stmt"/>
        <line num="105" count="56" type="stmt"/>
        <line num="106" count="56" type="cond" truecount="1" falsecount="0"/>
        <line num="107" count="6" type="stmt"/>
        <line num="108" count="6" type="stmt"/>
        <line num="109" count="10" type="stmt"/>
        <line num="112" count="16" type="cond" truecount="1" falsecount="0"/>
        <line num="113" count="12" type="cond" truecount="0" falsecount="1"/>
        <line num="114" count="12" type="cond" truecount="0" falsecount="1"/>
        <line num="115" count="12" type="stmt"/>
        <line num="116" count="12" type="cond" truecount="1" falsecount="0"/>
        <line num="117" count="3" type="stmt"/>
        <line num="118" count="3" type="stmt"/>
        <line num="119" count="3" type="cond" truecount="1" falsecount="0"/>
        <line num="120" count="12" type="cond" truecount="0" falsecount="1"/>
        <line num="121" count="12" type="cond" truecount="2" falsecount="0"/>
        <line num="122" count="12" type="stmt"/>
        <line num="123" count="12" type="stmt"/>
        <line num="124" count="12" type="cond" truecount="2" falsecount="0"/>
        <line num="125" count="8" type="cond" truecount="2" falsecount="0"/>
        <line num="126" count="6" type="cond" truecount="1" falsecount="0"/>
        <line num="127" count="12" type="cond" truecount="1" falsecount="0"/>
        <line num="128" count="12" type="stmt"/>
        <line num="130" count="16" type="cond" truecount="1" falsecount="0"/>
        <line num="131" count="6" type="stmt"/>
        <line num="132" count="6" type="stmt"/>
        <line num="133" count="6" type="stmt"/>
        <line num="134" count="6" type="stmt"/>
        <line num="136" count="16" type="cond" truecount="1" falsecount="0"/>
        <line num="137" count="22" type="stmt"/>
        <line num="138" count="22" type="stmt"/>
        <line num="139" count="22" type="stmt"/>
        <line num="141" count="16" type="cond" truecount="1" falsecount="0"/>
        <line num="142" count="14" type="stmt"/>
        <line num="143" count="14" type="stmt"/>
        <line num="144" count="14" type="stmt"/>
        <line num="145" count="16" type="stmt"/>
      </file>
      <file name="example.ts" path="/Users/harry/Code/personal/sulkweb/packages/engine/src/example.ts">
        <metrics statements="28" coveredstatements="0" conditionals="1" coveredconditionals="1" methods="1" coveredmethods="1"/>
        <line num="3" count="0" type="stmt"/>
        <line num="4" count="0" type="stmt"/>
        <line num="5" count="0" type="stmt"/>
        <line num="6" count="0" type="stmt"/>
        <line num="7" count="0" type="stmt"/>
        <line num="8" count="0" type="stmt"/>
        <line num="9" count="0" type="stmt"/>
        <line num="11" count="0" type="stmt"/>
        <line num="12" count="0" type="stmt"/>
        <line num="13" count="0" type="stmt"/>
        <line num="15" count="0" type="stmt"/>
        <line num="16" count="0" type="stmt"/>
        <line num="17" count="0" type="stmt"/>
        <line num="18" count="0" type="stmt"/>
        <line num="20" count="0" type="stmt"/>
        <line num="21" count="0" type="stmt"/>
        <line num="22" count="0" type="stmt"/>
        <line num="24" count="0" type="stmt"/>
        <line num="25" count="0" type="stmt"/>
        <line num="26" count="0" type="stmt"/>
        <line num="27" count="0" type="stmt"/>
        <line num="28" count="0" type="stmt"/>
        <line num="29" count="0" type="stmt"/>
        <line num="31" count="0" type="stmt"/>
        <line num="32" count="0" type="stmt"/>
        <line num="33" count="0" type="stmt"/>
        <line num="34" count="0" type="stmt"/>
        <line num="35" count="0" type="stmt"/>
      </file>
      <file name="index.ts" path="/Users/harry/Code/personal/sulkweb/packages/engine/src/index.ts">
        <metrics statements="24" coveredstatements="24" conditionals="0" coveredconditionals="0" methods="0" coveredmethods="0"/>
        <line num="1" count="1" type="stmt"/>
        <line num="2" count="1" type="stmt"/>
        <line num="3" count="1" type="stmt"/>
        <line num="4" count="1" type="stmt"/>
        <line num="5" count="1" type="stmt"/>
        <line num="6" count="1" type="stmt"/>
        <line num="9" count="1" type="stmt"/>
        <line num="11" count="1" type="stmt"/>
        <line num="12" count="1" type="stmt"/>
        <line num="13" count="1" type="stmt"/>
        <line num="17" count="1" type="stmt"/>
        <line num="18" count="1" type="stmt"/>
        <line num="19" count="1" type="stmt"/>
        <line num="20" count="1" type="stmt"/>
        <line num="21" count="1" type="stmt"/>
        <line num="22" count="1" type="stmt"/>
        <line num="23" count="1" type="stmt"/>
        <line num="24" count="1" type="stmt"/>
        <line num="25" count="1" type="stmt"/>
        <line num="26" count="1" type="stmt"/>
        <line num="28" count="1" type="stmt"/>
        <line num="31" count="1" type="stmt"/>
        <line num="32" count="1" type="stmt"/>
        <line num="33" count="1" type="stmt"/>
      </file>
    </package>
    <package name="src.ai">
      <metrics statements="215" coveredstatements="153" conditionals="115" coveredconditionals="105" methods="20" coveredmethods="15"/>
      <file name="MarineAutopilot.ts" path="/Users/harry/Code/personal/sulkweb/packages/engine/src/ai/MarineAutopilot.ts">
        <metrics statements="46" coveredstatements="6" conditionals="0" coveredconditionals="0" methods="3" coveredmethods="0"/>
        <line num="2" count="1" type="stmt"/>
        <line num="4" count="1" type="stmt"/>
        <line num="5" count="1" type="stmt"/>
        <line num="6" count="1" type="stmt"/>
        <line num="14" count="1" type="stmt"/>
        <line num="15" count="0" type="stmt"/>
        <line num="16" count="0" type="stmt"/>
        <line num="17" count="0" type="stmt"/>
        <line num="18" count="0" type="stmt"/>
        <line num="19" count="0" type="stmt"/>
        <line num="20" count="0" type="stmt"/>
        <line num="21" count="0" type="stmt"/>
        <line num="22" count="0" type="stmt"/>
        <line num="23" count="0" type="stmt"/>
        <line num="24" count="0" type="stmt"/>
        <line num="25" count="0" type="stmt"/>
        <line num="26" count="0" type="stmt"/>
        <line num="27" count="0" type="stmt"/>
        <line num="28" count="0" type="stmt"/>
        <line num="29" count="0" type="stmt"/>
        <line num="30" count="0" type="stmt"/>
        <line num="31" count="0" type="stmt"/>
        <line num="32" count="0" type="stmt"/>
        <line num="33" count="0" type="stmt"/>
        <line num="34" count="0" type="stmt"/>
        <line num="36" count="0" type="stmt"/>
        <line num="37" count="0" type="stmt"/>
        <line num="38" count="0" type="stmt"/>
        <line num="39" count="0" type="stmt"/>
        <line num="40" count="0" type="stmt"/>
        <line num="41" count="0" type="stmt"/>
        <line num="42" count="0" type="stmt"/>
        <line num="43" count="0" type="stmt"/>
        <line num="44" count="0" type="stmt"/>
        <line num="45" count="0" type="stmt"/>
        <line num="46" count="0" type="stmt"/>
        <line num="47" count="0" type="stmt"/>
        <line num="48" count="0" type="stmt"/>
        <line num="49" count="0" type="stmt"/>
        <line num="52" count="1" type="stmt"/>
        <line num="53" count="0" type="stmt"/>
        <line num="54" count="0" type="stmt"/>
        <line num="55" count="0" type="stmt"/>
        <line num="56" count="0" type="stmt"/>
        <line num="57" count="0" type="stmt"/>
        <line num="58" count="0" type="stmt"/>
      </file>
      <file name="StealerAI.ts" path="/Users/harry/Code/personal/sulkweb/packages/engine/src/ai/StealerAI.ts">
        <metrics statements="169" coveredstatements="147" conditionals="115" coveredconditionals="105" methods="17" coveredmethods="15"/>
        <line num="3" count="1" type="stmt"/>
        <line num="5" count="1" type="stmt"/>
        <line num="6" count="1" type="stmt"/>
        <line num="7" count="1" type="stmt"/>
        <line num="9" count="1" type="cond" truecount="1" falsecount="0"/>
        <line num="11" count="955" type="cond" truecount="1" falsecount="0"/>
        <line num="12" count="955" type="cond" truecount="1" falsecount="0"/>
        <line num="13" count="955" type="stmt"/>
        <line num="15" count="189" type="cond" truecount="1" falsecount="0"/>
        <line num="16" count="189" type="cond" truecount="1" falsecount="0"/>
        <line num="17" count="189" type="stmt"/>
        <line num="20" count="1" type="cond" truecount="1" falsecount="0"/>
        <line num="21" count="182" type="stmt"/>
        <line num="22" count="182" type="cond" truecount="0" falsecount="1"/>
        <line num="23" count="182" type="cond" truecount="1" falsecount="0"/>
        <line num="24" count="182" type="stmt"/>
        <line num="27" count="1" type="cond" truecount="1" falsecount="0"/>
        <line num="28" count="9" type="stmt"/>
        <line num="29" count="9" type="cond" truecount="1" falsecount="0"/>
        <line num="30" count="78" type="cond" truecount="2" falsecount="0"/>
        <line num="31" count="2" type="stmt"/>
        <line num="32" count="2" type="stmt"/>
        <line num="33" count="2" type="stmt"/>
        <line num="34" count="78" type="stmt"/>
        <line num="35" count="9" type="stmt"/>
        <line num="36" count="9" type="stmt"/>
        <line num="39" count="183" type="cond" truecount="1" falsecount="0"/>
        <line num="40" count="183" type="cond" truecount="1" falsecount="0"/>
        <line num="41" count="769" type="cond" truecount="2" falsecount="0"/>
        <line num="42" count="769" type="cond" truecount="2" falsecount="0"/>
        <line num="43" count="1" type="stmt"/>
        <line num="44" count="1" type="stmt"/>
        <line num="45" count="769" type="cond" truecount="1" falsecount="0"/>
        <line num="46" count="182" type="stmt"/>
        <line num="48" count="180" type="cond" truecount="1" falsecount="0"/>
        <line num="49" count="180" type="stmt"/>
        <line num="50" count="180" type="cond" truecount="4" falsecount="0"/>
        <line num="51" count="180" type="cond" truecount="1" falsecount="1"/>
        <line num="52" count="180" type="stmt"/>
        <line num="62" count="193" type="cond" truecount="1" falsecount="0"/>
        <line num="63" count="193" type="cond" truecount="2" falsecount="0"/>
        <line num="68" count="193" type="cond" truecount="1" falsecount="0"/>
        <line num="69" count="7241" type="stmt"/>
        <line num="70" count="7241" type="cond" truecount="1" falsecount="0"/>
        <line num="71" count="7241" type="stmt"/>
        <line num="72" count="193" type="cond" truecount="1" falsecount="0"/>
        <line num="73" count="193" type="stmt"/>
        <line num="74" count="193" type="stmt"/>
        <line num="75" count="193" type="stmt"/>
        <line num="76" count="193" type="cond" truecount="1" falsecount="0"/>
        <line num="77" count="6614" type="stmt"/>
        <line num="78" count="6614" type="cond" truecount="3" falsecount="0"/>
        <line num="80" count="193" type="stmt"/>
        <line num="81" count="193" type="cond" truecount="1" falsecount="0"/>
        <line num="82" count="1719" type="stmt"/>
        <line num="83" count="1719" type="cond" truecount="0" falsecount="1"/>
        <line num="84" count="1719" type="cond" truecount="3" falsecount="0"/>
        <line num="85" count="1526" type="stmt"/>
        <line num="86" count="1526" type="stmt"/>
        <line num="87" count="193" type="cond" truecount="1" falsecount="0"/>
        <line num="88" count="6614" type="cond" truecount="1" falsecount="0"/>
        <line num="89" count="19263" type="cond" truecount="1" falsecount="0"/>
        <line num="90" count="57789" type="cond" truecount="3" falsecount="0"/>
        <line num="91" count="51368" type="stmt"/>
        <line num="92" count="51368" type="cond" truecount="2" falsecount="0"/>
        <line num="93" count="57789" type="cond" truecount="3" falsecount="0"/>
        <line num="94" count="7216" type="stmt"/>
        <line num="95" count="7216" type="stmt"/>
        <line num="96" count="7216" type="stmt"/>
        <line num="97" count="19263" type="cond" truecount="1" falsecount="0"/>
        <line num="98" count="6421" type="cond" truecount="0" falsecount="1"/>
        <line num="99" count="0" type="stmt"/>
        <line num="100" count="0" type="stmt"/>
        <line num="108" count="193" type="cond" truecount="1" falsecount="0"/>
        <line num="109" count="193" type="cond" truecount="2" falsecount="0"/>
        <line num="110" count="193" type="stmt"/>
        <line num="111" count="193" type="cond" truecount="0" falsecount="1"/>
        <line num="112" count="0" type="stmt"/>
        <line num="113" count="193" type="cond" truecount="0" falsecount="1"/>
        <line num="114" count="193" type="cond" truecount="2" falsecount="0"/>
        <line num="116" count="171" type="stmt"/>
        <line num="117" count="193" type="cond" truecount="2" falsecount="0"/>
        <line num="118" count="7" type="cond" truecount="0" falsecount="1"/>
        <line num="119" count="7" type="stmt"/>
        <line num="120" count="7" type="stmt"/>
        <line num="121" count="7" type="stmt"/>
        <line num="122" count="7" type="stmt"/>
        <line num="123" count="7" type="cond" truecount="1" falsecount="0"/>
        <line num="126" count="164" type="stmt"/>
        <line num="127" count="193" type="cond" truecount="2" falsecount="0"/>
        <line num="128" count="8" type="stmt"/>
        <line num="129" count="8" type="cond" truecount="4" falsecount="0"/>
        <line num="130" count="8" type="cond" truecount="1" falsecount="0"/>
        <line num="131" count="193" type="cond" truecount="0" falsecount="1"/>
        <line num="132" count="193" type="stmt"/>
        <line num="134" count="1" type="stmt"/>
        <line num="137" count="0" type="stmt"/>
        <line num="138" count="0" type="stmt"/>
        <line num="139" count="0" type="stmt"/>
        <line num="140" count="0" type="stmt"/>
        <line num="141" count="0" type="stmt"/>
        <line num="142" count="0" type="stmt"/>
        <line num="143" count="0" type="stmt"/>
        <line num="144" count="0" type="stmt"/>
        <line num="145" count="0" type="stmt"/>
        <line num="146" count="0" type="stmt"/>
        <line num="147" count="0" type="stmt"/>
        <line num="148" count="0" type="stmt"/>
        <line num="149" count="0" type="stmt"/>
        <line num="150" count="0" type="stmt"/>
        <line num="151" count="0" type="stmt"/>
        <line num="152" count="0" type="stmt"/>
        <line num="161" count="1" type="cond" truecount="1" falsecount="0"/>
        <line num="162" count="19" type="cond" truecount="1" falsecount="0"/>
        <line num="163" count="119" type="stmt"/>
        <line num="164" count="119" type="cond" truecount="4" falsecount="0"/>
        <line num="166" count="54" type="stmt"/>
        <line num="167" count="119" type="cond" truecount="3" falsecount="0"/>
        <line num="168" count="208" type="stmt"/>
        <line num="169" count="208" type="cond" truecount="2" falsecount="0"/>
        <line num="172" count="205" type="cond" truecount="2" falsecount="0"/>
        <line num="173" count="193" type="cond" truecount="2" falsecount="0"/>
        <line num="174" count="189" type="stmt"/>
        <line num="176" count="208" type="cond" truecount="2" falsecount="0"/>
        <line num="178" count="16" type="stmt"/>
        <line num="179" count="16" type="cond" truecount="1" falsecount="0"/>
        <line num="180" count="7" type="stmt"/>
        <line num="181" count="7" type="cond" truecount="4" falsecount="0"/>
        <line num="182" count="7" type="stmt"/>
        <line num="184" count="16" type="stmt"/>
        <line num="185" count="16" type="stmt"/>
        <line num="186" count="16" type="cond" truecount="1" falsecount="0"/>
        <line num="187" count="12" type="cond" truecount="0" falsecount="1"/>
        <line num="188" count="12" type="stmt"/>
        <line num="189" count="12" type="stmt"/>
        <line num="190" count="12" type="stmt"/>
        <line num="191" count="16" type="cond" truecount="1" falsecount="0"/>
        <line num="193" count="193" type="cond" truecount="1" falsecount="0"/>
        <line num="194" count="193" type="cond" truecount="2" falsecount="0"/>
        <line num="195" count="208" type="cond" truecount="0" falsecount="1"/>
        <line num="197" count="0" type="stmt"/>
        <line num="198" count="0" type="stmt"/>
        <line num="199" count="0" type="cond" truecount="1" falsecount="0"/>
        <line num="200" count="171" type="stmt"/>
        <line num="201" count="171" type="cond" truecount="2" falsecount="0"/>
        <line num="202" count="208" type="cond" truecount="2" falsecount="0"/>
        <line num="203" count="5" type="stmt"/>
        <line num="204" count="5" type="stmt"/>
        <line num="205" count="5" type="stmt"/>
        <line num="206" count="208" type="stmt"/>
        <line num="207" count="119" type="cond" truecount="1" falsecount="0"/>
        <line num="208" count="16" type="stmt"/>
        <line num="211" count="1" type="cond" truecount="1" falsecount="0"/>
        <line num="212" count="11" type="stmt"/>
        <line num="213" count="11" type="stmt"/>
        <line num="214" count="11" type="cond" truecount="2" falsecount="0"/>
        <line num="216" count="20" type="stmt"/>
        <line num="217" count="20" type="cond" truecount="2" falsecount="0"/>
        <line num="218" count="23" type="stmt"/>
        <line num="219" count="23" type="cond" truecount="1" falsecount="0"/>
        <line num="220" count="19" type="stmt"/>
        <line num="221" count="19" type="stmt"/>
        <line num="222" count="19" type="stmt"/>
        <line num="223" count="19" type="stmt"/>
        <line num="224" count="23" type="stmt"/>
        <line num="225" count="20" type="cond" truecount="1" falsecount="0"/>
        <line num="226" count="20" type="stmt"/>
        <line num="227" count="11" type="stmt"/>
        <line num="228" count="11" type="stmt"/>
      </file>
    </package>
    <package name="src.board">
      <metrics statements="207" coveredstatements="207" conditionals="121" coveredconditionals="117" methods="24" coveredmethods="24"/>
      <file name="Board.ts" path="/Users/harry/Code/personal/sulkweb/packages/engine/src/board/Board.ts">
        <metrics statements="100" coveredstatements="100" conditionals="50" coveredconditionals="48" methods="12" coveredmethods="12"/>
        <line num="1" count="1" type="stmt"/>
        <line num="3" count="1" type="stmt"/>
        <line num="4" count="1" type="stmt"/>
        <line num="5" count="1" type="stmt"/>
        <line num="13" count="1" type="cond" truecount="1" falsecount="0"/>
        <line num="14" count="96" type="stmt"/>
        <line num="15" count="96" type="stmt"/>
        <line num="16" count="96" type="stmt"/>
        <line num="17" count="96" type="stmt"/>
        <line num="19" count="96" type="stmt"/>
        <line num="21" count="96" type="stmt"/>
        <line num="22" count="96" type="stmt"/>
        <line num="24" count="96" type="cond" truecount="1" falsecount="0"/>
        <line num="25" count="96" type="stmt"/>
        <line num="26" count="96" type="stmt"/>
        <line num="28" count="96" type="stmt"/>
        <line num="29" count="96" type="cond" truecount="2" falsecount="0"/>
        <line num="30" count="24" type="cond" truecount="1" falsecount="0"/>
        <line num="32" count="1" type="stmt"/>
        <line num="33" count="1" type="cond" truecount="1" falsecount="0"/>
        <line num="34" count="2" type="cond" truecount="1" falsecount="0"/>
        <line num="35" count="4" type="cond" truecount="1" falsecount="0"/>
        <line num="36" count="4" type="stmt"/>
        <line num="37" count="4" type="stmt"/>
        <line num="38" count="4" type="stmt"/>
        <line num="39" count="2" type="stmt"/>
        <line num="40" count="1" type="stmt"/>
        <line num="41" count="24" type="cond" truecount="1" falsecount="0"/>
        <line num="43" count="23" type="cond" truecount="1" falsecount="0"/>
        <line num="44" count="684" type="stmt"/>
        <line num="45" count="684" type="stmt"/>
        <line num="46" count="684" type="cond" truecount="1" falsecount="0"/>
        <line num="47" count="31" type="stmt"/>
        <line num="48" count="31" type="stmt"/>
        <line num="49" count="684" type="stmt"/>
        <line num="50" count="23" type="stmt"/>
        <line num="51" count="23" type="stmt"/>
        <line num="52" count="23" type="stmt"/>
        <line num="53" count="24" type="stmt"/>
        <line num="57" count="96" type="cond" truecount="1" falsecount="0"/>
        <line num="58" count="72" type="cond" truecount="1" falsecount="0"/>
        <line num="59" count="525" type="cond" truecount="1" falsecount="0"/>
        <line num="61" count="3419" type="stmt"/>
        <line num="62" count="3419" type="stmt"/>
        <line num="63" count="3419" type="stmt"/>
        <line num="64" count="525" type="stmt"/>
        <line num="65" count="72" type="stmt"/>
        <line num="66" count="96" type="stmt"/>
        <line num="68" count="96" type="cond" truecount="1" falsecount="0"/>
        <line num="69" count="96" type="cond" truecount="1" falsecount="0"/>
        <line num="71" count="96" type="cond" truecount="1" falsecount="0"/>
        <line num="72" count="34193" type="stmt"/>
        <line num="73" count="34193" type="cond" truecount="4" falsecount="0"/>
        <line num="74" count="34193" type="cond" truecount="1" falsecount="0"/>
        <line num="75" count="441" type="cond" truecount="1" falsecount="0"/>
        <line num="76" count="441" type="cond" truecount="1" falsecount="0"/>
        <line num="77" count="7292" type="stmt"/>
        <line num="78" count="34193" type="stmt"/>
        <line num="82" count="96" type="cond" truecount="1" falsecount="0"/>
        <line num="83" count="172" type="cond" truecount="0" falsecount="1"/>
        <line num="84" count="172" type="stmt"/>
        <line num="85" count="172" type="cond" truecount="0" falsecount="1"/>
        <line num="86" count="172" type="stmt"/>
        <line num="87" count="172" type="stmt"/>
        <line num="89" count="96" type="cond" truecount="1" falsecount="0"/>
        <line num="90" count="30" type="stmt"/>
        <line num="91" count="30" type="stmt"/>
        <line num="92" count="30" type="stmt"/>
        <line num="94" count="96" type="cond" truecount="1" falsecount="0"/>
        <line num="95" count="8382" type="cond" truecount="2" falsecount="0"/>
        <line num="96" count="8382" type="stmt"/>
        <line num="98" count="96" type="cond" truecount="1" falsecount="0"/>
        <line num="99" count="1134" type="stmt"/>
        <line num="100" count="1134" type="stmt"/>
        <line num="103" count="96" type="cond" truecount="1" falsecount="0"/>
        <line num="104" count="27082" type="stmt"/>
        <line num="105" count="27082" type="cond" truecount="2" falsecount="0"/>
        <line num="106" count="27082" type="cond" truecount="2" falsecount="0"/>
        <line num="107" count="215" type="stmt"/>
        <line num="108" count="215" type="cond" truecount="1" falsecount="0"/>
        <line num="109" count="159" type="stmt"/>
        <line num="110" count="27082" type="stmt"/>
        <line num="113" count="96" type="cond" truecount="1" falsecount="0"/>
        <line num="119" count="96" type="cond" truecount="1" falsecount="0"/>
        <line num="121" count="12" type="cond" truecount="2" falsecount="0"/>
        <line num="122" count="1" type="stmt"/>
        <line num="123" count="1" type="stmt"/>
        <line num="125" count="11" type="stmt"/>
        <line num="126" count="11" type="stmt"/>
        <line num="129" count="12" type="cond" truecount="1" falsecount="0"/>
        <line num="130" count="33" type="cond" truecount="1" falsecount="0"/>
        <line num="131" count="99" type="cond" truecount="4" falsecount="0"/>
        <line num="133" count="88" type="stmt"/>
        <line num="134" count="97" type="cond" truecount="1" falsecount="0"/>
        <line num="135" count="99" type="stmt"/>
        <line num="136" count="33" type="cond" truecount="1" falsecount="0"/>
        <line num="139" count="11" type="stmt"/>
        <line num="140" count="11" type="stmt"/>
        <line num="141" count="12" type="stmt"/>
        <line num="142" count="96" type="stmt"/>
      </file>
      <file name="Section.ts" path="/Users/harry/Code/personal/sulkweb/packages/engine/src/board/Section.ts">
        <metrics statements="0" coveredstatements="0" conditionals="1" coveredconditionals="1" methods="1" coveredmethods="1"/>
      </file>
      <file name="Square.ts" path="/Users/harry/Code/personal/sulkweb/packages/engine/src/board/Square.ts">
        <metrics statements="33" coveredstatements="33" conditionals="17" coveredconditionals="17" methods="5" coveredmethods="5"/>
        <line num="3" count="1" type="cond" truecount="1" falsecount="0"/>
        <line num="4" count="4120" type="stmt"/>
        <line num="5" count="4120" type="stmt"/>
        <line num="6" count="4120" type="stmt"/>
        <line num="7" count="4120" type="stmt"/>
        <line num="9" count="4120" type="cond" truecount="1" falsecount="0"/>
        <line num="10" count="4120" type="stmt"/>
        <line num="11" count="4120" type="stmt"/>
        <line num="12" count="4120" type="stmt"/>
        <line num="13" count="4120" type="stmt"/>
        <line num="14" count="4120" type="stmt"/>
        <line num="16" count="4120" type="cond" truecount="1" falsecount="0"/>
        <line num="17" count="17" type="stmt"/>
        <line num="20" count="17" type="stmt"/>
        <line num="21" count="4120" type="stmt"/>
        <line num="26" count="4120" type="cond" truecount="1" falsecount="0"/>
        <line num="27" count="37" type="stmt"/>
        <line num="28" count="37" type="stmt"/>
        <line num="29" count="37" type="stmt"/>
        <line num="30" count="37" type="stmt"/>
        <line num="35" count="4120" type="cond" truecount="1" falsecount="0"/>
        <line num="36" count="25" type="cond" truecount="1" falsecount="0"/>
        <line num="37" count="25" type="stmt"/>
        <line num="45" count="4120" type="cond" truecount="1" falsecount="0"/>
        <line num="46" count="10" type="cond" truecount="2" falsecount="0"/>
        <line num="48" count="9" type="stmt"/>
        <line num="49" count="10" type="cond" truecount="2" falsecount="0"/>
        <line num="50" count="10" type="cond" truecount="2" falsecount="0"/>
        <line num="51" count="10" type="cond" truecount="2" falsecount="0"/>
        <line num="52" count="10" type="cond" truecount="2" falsecount="0"/>
        <line num="54" count="9" type="stmt"/>
        <line num="55" count="10" type="stmt"/>
        <line num="56" count="4120" type="stmt"/>
      </file>
      <file name="los.ts" path="/Users/harry/Code/personal/sulkweb/packages/engine/src/board/los.ts">
        <metrics statements="46" coveredstatements="46" conditionals="31" coveredconditionals="31" methods="1" coveredmethods="1"/>
        <line num="27" count="1" type="cond" truecount="1" falsecount="0"/>
        <line num="28" count="925" type="stmt"/>
        <line num="29" count="925" type="stmt"/>
        <line num="31" count="925" type="cond" truecount="2" falsecount="0"/>
        <line num="32" count="1" type="stmt"/>
        <line num="33" count="1" type="cond" truecount="1" falsecount="0"/>
        <line num="35" count="924" type="stmt"/>
        <line num="36" count="924" type="stmt"/>
        <line num="37" count="924" type="stmt"/>
        <line num="39" count="925" type="cond" truecount="2" falsecount="0"/>
        <line num="41" count="925" type="cond" truecount="1" falsecount="0"/>
        <line num="43" count="545" type="stmt"/>
        <line num="44" count="545" type="cond" truecount="1" falsecount="0"/>
        <line num="45" count="5724" type="stmt"/>
        <line num="46" count="5724" type="stmt"/>
        <line num="47" count="5724" type="stmt"/>
        <line num="52" count="5724" type="stmt"/>
        <line num="53" count="925" type="cond" truecount="1" falsecount="0"/>
        <line num="55" count="379" type="stmt"/>
        <line num="56" count="379" type="stmt"/>
        <line num="57" count="379" type="stmt"/>
        <line num="58" count="379" type="stmt"/>
        <line num="60" count="379" type="cond" truecount="1" falsecount="0"/>
        <line num="61" count="4158" type="stmt"/>
        <line num="62" count="4158" type="cond" truecount="3" falsecount="0"/>
        <line num="63" count="4158" type="cond" truecount="3" falsecount="0"/>
        <line num="64" count="3811" type="cond" truecount="1" falsecount="0"/>
        <line num="65" count="4158" type="stmt"/>
        <line num="66" count="379" type="cond" truecount="1" falsecount="0"/>
        <line num="69" count="924" type="stmt"/>
        <line num="71" count="925" type="cond" truecount="1" falsecount="0"/>
        <line num="72" count="1049" type="stmt"/>
        <line num="74" count="1049" type="cond" truecount="2" falsecount="0"/>
        <line num="75" count="278" type="stmt"/>
        <line num="76" count="278" type="cond" truecount="1" falsecount="0"/>
        <line num="77" count="1049" type="cond" truecount="1" falsecount="0"/>
        <line num="78" count="106" type="cond" truecount="1" falsecount="0"/>
        <line num="79" count="61" type="stmt"/>
        <line num="80" count="61" type="stmt"/>
        <line num="81" count="106" type="cond" truecount="2" falsecount="0"/>
        <line num="82" count="1049" type="cond" truecount="2" falsecount="0"/>
        <line num="83" count="512" type="stmt"/>
        <line num="84" count="512" type="stmt"/>
        <line num="85" count="1049" type="cond" truecount="1" falsecount="0"/>
        <line num="87" count="73" type="stmt"/>
        <line num="88" count="73" type="stmt"/>
      </file>
      <file name="vision.ts" path="/Users/harry/Code/personal/sulkweb/packages/engine/src/board/vision.ts">
        <metrics statements="28" coveredstatements="28" conditionals="22" coveredconditionals="20" methods="5" coveredmethods="5"/>
        <line num="3" count="1" type="stmt"/>
        <line num="4" count="1" type="stmt"/>
        <line num="15" count="1" type="cond" truecount="1" falsecount="0"/>
        <line num="16" count="948" type="stmt"/>
        <line num="17" count="948" type="cond" truecount="3" falsecount="0"/>
        <line num="18" count="948" type="cond" truecount="2" falsecount="0"/>
        <line num="19" count="948" type="stmt"/>
        <line num="25" count="1" type="cond" truecount="1" falsecount="0"/>
        <line num="26" count="23" type="stmt"/>
        <line num="27" count="23" type="cond" truecount="1" falsecount="0"/>
        <line num="28" count="23" type="stmt"/>
        <line num="31" count="1" type="cond" truecount="1" falsecount="0"/>
        <line num="32" count="938" type="cond" truecount="2" falsecount="0"/>
        <line num="33" count="900" type="stmt"/>
        <line num="34" count="938" type="cond" truecount="1" falsecount="1"/>
        <line num="35" count="900" type="stmt"/>
        <line num="36" count="900" type="stmt"/>
        <line num="39" count="1" type="cond" truecount="1" falsecount="0"/>
        <line num="40" count="17" type="cond" truecount="2" falsecount="0"/>
        <line num="41" count="16" type="stmt"/>
        <line num="42" count="17" type="cond" truecount="1" falsecount="1"/>
        <line num="43" count="16" type="stmt"/>
        <line num="44" count="16" type="cond" truecount="2" falsecount="0"/>
        <line num="45" count="14" type="stmt"/>
        <line num="46" count="14" type="stmt"/>
        <line num="49" count="1" type="cond" truecount="1" falsecount="0"/>
        <line num="50" count="1" type="cond" truecount="1" falsecount="0"/>
        <line num="51" count="1" type="stmt"/>
      </file>
    </package>
    <package name="src.core">
      <metrics statements="56" coveredstatements="56" conditionals="13" coveredconditionals="12" methods="9" coveredmethods="8"/>
      <file name="CostTables.ts" path="/Users/harry/Code/personal/sulkweb/packages/engine/src/core/CostTables.ts">
        <metrics statements="11" coveredstatements="11" conditionals="0" coveredconditionals="0" methods="0" coveredmethods="0"/>
        <line num="3" count="1" type="stmt"/>
        <line num="4" count="1" type="stmt"/>
        <line num="5" count="1" type="stmt"/>
        <line num="6" count="1" type="stmt"/>
        <line num="7" count="1" type="stmt"/>
        <line num="10" count="1" type="stmt"/>
        <line num="11" count="1" type="stmt"/>
        <line num="12" count="1" type="stmt"/>
        <line num="13" count="1" type="stmt"/>
        <line num="14" count="1" type="stmt"/>
        <line num="17" count="1" type="stmt"/>
      </file>
      <file name="Dice.ts" path="/Users/harry/Code/personal/sulkweb/packages/engine/src/core/Dice.ts">
        <metrics statements="26" coveredstatements="26" conditionals="7" coveredconditionals="6" methods="7" coveredmethods="6"/>
        <line num="8" count="1" type="cond" truecount="1" falsecount="0"/>
        <line num="9" count="100" type="stmt"/>
        <line num="11" count="100" type="cond" truecount="1" falsecount="0"/>
        <line num="12" count="100" type="stmt"/>
        <line num="13" count="100" type="stmt"/>
        <line num="15" count="100" type="cond" truecount="1" falsecount="0"/>
        <line num="16" count="139" type="stmt"/>
        <line num="17" count="139" type="stmt"/>
        <line num="18" count="139" type="stmt"/>
        <line num="19" count="139" type="stmt"/>
        <line num="20" count="139" type="stmt"/>
        <line num="21" count="139" type="stmt"/>
        <line num="22" count="139" type="stmt"/>
        <line num="23" count="100" type="stmt"/>
        <line num="29" count="1" type="cond" truecount="1" falsecount="0"/>
        <line num="30" count="25" type="stmt"/>
        <line num="32" count="25" type="cond" truecount="1" falsecount="0"/>
        <line num="33" count="25" type="stmt"/>
        <line num="34" count="25" type="stmt"/>
        <line num="36" count="25" type="cond" truecount="1" falsecount="0"/>
        <line num="37" count="58" type="stmt"/>
        <line num="38" count="58" type="cond" truecount="0" falsecount="1"/>
        <line num="39" count="58" type="stmt"/>
        <line num="40" count="58" type="stmt"/>
        <line num="42" count="25" type="stmt"/>
        <line num="43" count="25" type="stmt"/>
      </file>
      <file name="Direction.ts" path="/Users/harry/Code/personal/sulkweb/packages/engine/src/core/Direction.ts">
        <metrics statements="19" coveredstatements="19" conditionals="6" coveredconditionals="6" methods="2" coveredmethods="2"/>
        <line num="2" count="1" type="cond" truecount="1" falsecount="0"/>
        <line num="5" count="1" type="stmt"/>
        <line num="6" count="1" type="stmt"/>
        <line num="7" count="1" type="stmt"/>
        <line num="8" count="1" type="stmt"/>
        <line num="9" count="1" type="stmt"/>
        <line num="10" count="1" type="stmt"/>
        <line num="13" count="1" type="cond" truecount="1" falsecount="0"/>
        <line num="14" count="41" type="cond" truecount="2" falsecount="0"/>
        <line num="15" count="41" type="stmt"/>
        <line num="21" count="1" type="cond" truecount="1" falsecount="0"/>
        <line num="22" count="1210" type="stmt"/>
        <line num="23" count="1210" type="cond" truecount="1" falsecount="0"/>
        <line num="24" count="2063" type="stmt"/>
        <line num="25" count="2063" type="stmt"/>
        <line num="26" count="2063" type="stmt"/>
        <line num="27" count="2063" type="stmt"/>
        <line num="28" count="1210" type="stmt"/>
        <line num="29" count="1210" type="stmt"/>
      </file>
    </package>
    <package name="src.events">
      <metrics statements="20" coveredstatements="15" conditionals="5" coveredconditionals="5" methods="4" coveredmethods="3"/>
      <file name="PieceEvents.ts" path="/Users/harry/Code/personal/sulkweb/packages/engine/src/events/PieceEvents.ts">
        <metrics statements="20" coveredstatements="15" conditionals="5" coveredconditionals="5" methods="4" coveredmethods="3"/>
        <line num="23" count="1" type="cond" truecount="1" falsecount="0"/>
        <line num="24" count="14" type="stmt"/>
        <line num="26" count="14" type="cond" truecount="1" falsecount="0"/>
        <line num="27" count="3" type="stmt"/>
        <line num="28" count="3" type="stmt"/>
        <line num="29" count="3" type="stmt"/>
        <line num="30" count="3" type="stmt"/>
        <line num="32" count="14" type="stmt"/>
        <line num="33" count="0" type="stmt"/>
        <line num="34" count="0" type="stmt"/>
        <line num="35" count="0" type="stmt"/>
        <line num="36" count="0" type="stmt"/>
        <line num="37" count="0" type="stmt"/>
        <line num="39" count="14" type="cond" truecount="1" falsecount="0"/>
        <line num="40" count="556" type="cond" truecount="2" falsecount="0"/>
        <line num="41" count="3" type="stmt"/>
        <line num="42" count="3" type="stmt"/>
        <line num="43" count="556" type="stmt"/>
        <line num="44" count="14" type="stmt"/>
        <line num="46" count="1" type="stmt"/>
      </file>
    </package>
    <package name="src.missions">
      <metrics statements="42" coveredstatements="38" conditionals="12" coveredconditionals="10" methods="3" coveredmethods="3"/>
      <file name="index.ts" path="/Users/harry/Code/personal/sulkweb/packages/engine/src/missions/index.ts">
        <metrics statements="4" coveredstatements="4" conditionals="0" coveredconditionals="0" methods="0" coveredmethods="0"/>
        <line num="1" count="1" type="stmt"/>
        <line num="3" count="1" type="stmt"/>
        <line num="4" count="1" type="stmt"/>
        <line num="5" count="1" type="stmt"/>
      </file>
      <file name="missionLoader.ts" path="/Users/harry/Code/personal/sulkweb/packages/engine/src/missions/missionLoader.ts">
        <metrics statements="38" coveredstatements="34" conditionals="12" coveredconditionals="10" methods="3" coveredmethods="3"/>
        <line num="1" count="1" type="stmt"/>
        <line num="3" count="1" type="stmt"/>
        <line num="5" count="1" type="stmt"/>
        <line num="7" count="5" type="cond" truecount="1" falsecount="0"/>
        <line num="8" count="5" type="stmt"/>
        <line num="9" count="5" type="stmt"/>
        <line num="10" count="5" type="stmt"/>
        <line num="12" count="5" type="cond" truecount="3" falsecount="0"/>
        <line num="14" count="4" type="stmt"/>
        <line num="15" count="4" type="stmt"/>
        <line num="16" count="4" type="cond" truecount="1" falsecount="0"/>
        <line num="17" count="4" type="stmt"/>
        <line num="18" count="4" type="stmt"/>
        <line num="20" count="1" type="cond" truecount="1" falsecount="0"/>
        <line num="21" count="7" type="cond" truecount="1" falsecount="0"/>
        <line num="22" count="4" type="stmt"/>
        <line num="23" count="4" type="cond" truecount="1" falsecount="0"/>
        <line num="25" count="3" type="stmt"/>
        <line num="26" count="7" type="cond" truecount="0" falsecount="1"/>
        <line num="27" count="0" type="stmt"/>
        <line num="28" count="0" type="cond" truecount="1" falsecount="0"/>
        <line num="30" count="3" type="stmt"/>
        <line num="31" count="3" type="stmt"/>
        <line num="33" count="3" type="stmt"/>
        <line num="34" count="3" type="stmt"/>
        <line num="41" count="1" type="cond" truecount="1" falsecount="0"/>
        <line num="42" count="1" type="stmt"/>
        <line num="44" count="1" type="stmt"/>
        <line num="45" count="1" type="stmt"/>
        <line num="46" count="1" type="stmt"/>
        <line num="47" count="1" type="stmt"/>
        <line num="50" count="1" type="stmt"/>
        <line num="51" count="1" type="stmt"/>
        <line num="52" count="1" type="stmt"/>
        <line num="53" count="1" type="cond" truecount="0" falsecount="1"/>
        <line num="54" count="0" type="stmt"/>
        <line num="55" count="0" type="stmt"/>
        <line num="56" count="1" type="stmt"/>
      </file>
      <file name="missionTypes.ts" path="/Users/harry/Code/personal/sulkweb/packages/engine/src/missions/missionTypes.ts">
        <metrics statements="0" coveredstatements="0" conditionals="0" coveredconditionals="0" methods="0" coveredmethods="0"/>
      </file>
    </package>
    <package name="src.phases">
      <metrics statements="41" coveredstatements="41" conditionals="12" coveredconditionals="12" methods="13" coveredmethods="12"/>
      <file name="ClockAndCP.ts" path="/Users/harry/Code/personal/sulkweb/packages/engine/src/phases/ClockAndCP.ts">
        <metrics statements="10" coveredstatements="10" conditionals="3" coveredconditionals="3" methods="3" coveredmethods="3"/>
        <line num="1" count="1" type="stmt"/>
        <line num="3" count="1" type="stmt"/>
        <line num="5" count="1" type="cond" truecount="1" falsecount="0"/>
        <line num="6" count="7" type="stmt"/>
        <line num="8" count="7" type="cond" truecount="1" falsecount="0"/>
        <line num="10" count="7" type="stmt"/>
        <line num="12" count="7" type="cond" truecount="1" falsecount="0"/>
        <line num="13" count="4" type="stmt"/>
        <line num="14" count="4" type="stmt"/>
        <line num="15" count="7" type="stmt"/>
      </file>
      <file name="EndPhase.ts" path="/Users/harry/Code/personal/sulkweb/packages/engine/src/phases/EndPhase.ts">
        <metrics statements="10" coveredstatements="10" conditionals="3" coveredconditionals="3" methods="3" coveredmethods="3"/>
        <line num="1" count="1" type="stmt"/>
        <line num="3" count="1" type="stmt"/>
        <line num="5" count="1" type="cond" truecount="1" falsecount="0"/>
        <line num="6" count="4" type="stmt"/>
        <line num="8" count="4" type="cond" truecount="1" falsecount="0"/>
        <line num="10" count="4" type="cond" truecount="1" falsecount="0"/>
        <line num="11" count="4" type="stmt"/>
        <line num="12" count="4" type="stmt"/>
        <line num="13" count="4" type="stmt"/>
        <line num="14" count="4" type="stmt"/>
      </file>
      <file name="MarineAction.ts" path="/Users/harry/Code/personal/sulkweb/packages/engine/src/phases/MarineAction.ts">
        <metrics statements="9" coveredstatements="9" conditionals="3" coveredconditionals="3" methods="3" coveredmethods="3"/>
        <line num="1" count="1" type="stmt"/>
        <line num="3" count="1" type="stmt"/>
        <line num="5" count="1" type="cond" truecount="1" falsecount="0"/>
        <line num="6" count="4" type="stmt"/>
        <line num="8" count="4" type="cond" truecount="1" falsecount="0"/>
        <line num="10" count="4" type="cond" truecount="1" falsecount="0"/>
        <line num="11" count="4" type="stmt"/>
        <line num="12" count="4" type="stmt"/>
        <line num="13" count="4" type="stmt"/>
      </file>
      <file name="Phase.ts" path="/Users/harry/Code/personal/sulkweb/packages/engine/src/phases/Phase.ts">
        <metrics statements="3" coveredstatements="3" conditionals="0" coveredconditionals="0" methods="1" coveredmethods="0"/>
        <line num="7" count="1" type="stmt"/>
        <line num="12" count="1" type="stmt"/>
        <line num="19" count="1" type="stmt"/>
      </file>
      <file name="StealerAction.ts" path="/Users/harry/Code/personal/sulkweb/packages/engine/src/phases/StealerAction.ts">
        <metrics statements="9" coveredstatements="9" conditionals="3" coveredconditionals="3" methods="3" coveredmethods="3"/>
        <line num="1" count="1" type="stmt"/>
        <line num="3" count="1" type="stmt"/>
        <line num="5" count="1" type="cond" truecount="1" falsecount="0"/>
        <line num="6" count="4" type="stmt"/>
        <line num="8" count="4" type="cond" truecount="1" falsecount="0"/>
        <line num="10" count="4" type="cond" truecount="1" falsecount="0"/>
        <line num="11" count="4" type="stmt"/>
        <line num="12" count="4" type="stmt"/>
        <line num="13" count="4" type="stmt"/>
      </file>
    </package>
    <package name="src.pieces">
      <metrics statements="236" coveredstatements="232" conditionals="88" coveredconditionals="83" methods="36" coveredmethods="33"/>
      <file name="Blip.ts" path="/Users/harry/Code/personal/sulkweb/packages/engine/src/pieces/Blip.ts">
        <metrics statements="41" coveredstatements="39" conditionals="9" coveredconditionals="9" methods="5" coveredmethods="4"/>
        <line num="1" count="1" type="stmt"/>
        <line num="3" count="1" type="stmt"/>
        <line num="4" count="1" type="stmt"/>
        <line num="5" count="1" type="stmt"/>
        <line num="11" count="1" type="cond" truecount="1" falsecount="0"/>
        <line num="13" count="38" type="stmt"/>
        <line num="16" count="38" type="stmt"/>
        <line num="18" count="38" type="cond" truecount="1" falsecount="0"/>
        <line num="19" count="32" type="stmt"/>
        <line num="20" count="32" type="cond" truecount="1" falsecount="0"/>
        <line num="21" count="32" type="stmt"/>
        <line num="23" count="38" type="cond" truecount="1" falsecount="0"/>
        <line num="24" count="140" type="stmt"/>
        <line num="25" count="140" type="stmt"/>
        <line num="27" count="38" type="stmt"/>
        <line num="28" count="0" type="stmt"/>
        <line num="29" count="0" type="stmt"/>
        <line num="36" count="38" type="cond" truecount="1" falsecount="0"/>
        <line num="37" count="9" type="stmt"/>
        <line num="38" count="9" type="stmt"/>
        <line num="40" count="9" type="stmt"/>
        <line num="41" count="9" type="stmt"/>
        <line num="43" count="9" type="stmt"/>
        <line num="44" count="9" type="stmt"/>
        <line num="45" count="9" type="stmt"/>
        <line num="46" count="9" type="cond" truecount="1" falsecount="0"/>
        <line num="47" count="36" type="stmt"/>
        <line num="48" count="36" type="stmt"/>
        <line num="49" count="36" type="stmt"/>
        <line num="50" count="9" type="stmt"/>
        <line num="51" count="9" type="stmt"/>
        <line num="52" count="9" type="cond" truecount="2" falsecount="0"/>
        <line num="53" count="16" type="stmt"/>
        <line num="54" count="16" type="stmt"/>
        <line num="55" count="9" type="stmt"/>
        <line num="56" count="9" type="stmt"/>
        <line num="57" count="9" type="cond" truecount="1" falsecount="0"/>
        <line num="58" count="9" type="stmt"/>
        <line num="59" count="9" type="stmt"/>
        <line num="60" count="9" type="stmt"/>
        <line num="61" count="38" type="stmt"/>
      </file>
      <file name="Genestealer.ts" path="/Users/harry/Code/personal/sulkweb/packages/engine/src/pieces/Genestealer.ts">
        <metrics statements="21" coveredstatements="21" conditionals="6" coveredconditionals="6" methods="4" coveredmethods="4"/>
        <line num="1" count="1" type="stmt"/>
        <line num="3" count="1" type="stmt"/>
        <line num="9" count="1" type="cond" truecount="1" falsecount="0"/>
        <line num="11" count="8" type="stmt"/>
        <line num="12" count="8" type="stmt"/>
        <line num="14" count="8" type="cond" truecount="1" falsecount="0"/>
        <line num="15" count="40" type="stmt"/>
        <line num="16" count="40" type="stmt"/>
        <line num="18" count="8" type="cond" truecount="1" falsecount="0"/>
        <line num="19" count="28" type="stmt"/>
        <line num="20" count="28" type="stmt"/>
        <line num="21" count="28" type="stmt"/>
        <line num="22" count="28" type="stmt"/>
        <line num="23" count="28" type="stmt"/>
        <line num="24" count="28" type="stmt"/>
        <line num="25" count="28" type="stmt"/>
        <line num="26" count="28" type="stmt"/>
        <line num="28" count="8" type="cond" truecount="1" falsecount="0"/>
        <line num="29" count="17" type="cond" truecount="2" falsecount="0"/>
        <line num="30" count="17" type="stmt"/>
        <line num="31" count="8" type="stmt"/>
      </file>
      <file name="Piece.ts" path="/Users/harry/Code/personal/sulkweb/packages/engine/src/pieces/Piece.ts">
        <metrics statements="96" coveredstatements="96" conditionals="44" coveredconditionals="43" methods="17" coveredmethods="16"/>
        <line num="2" count="1" type="stmt"/>
        <line num="3" count="1" type="stmt"/>
        <line num="4" count="1" type="stmt"/>
        <line num="10" count="1" type="cond" truecount="1" falsecount="0"/>
        <line num="14" count="184" type="stmt"/>
        <line num="15" count="184" type="stmt"/>
        <line num="16" count="184" type="stmt"/>
        <line num="17" count="184" type="stmt"/>
        <line num="18" count="184" type="stmt"/>
        <line num="19" count="184" type="stmt"/>
        <line num="20" count="184" type="stmt"/>
        <line num="21" count="184" type="stmt"/>
        <line num="23" count="184" type="cond" truecount="1" falsecount="0"/>
        <line num="24" count="172" type="stmt"/>
        <line num="25" count="172" type="stmt"/>
        <line num="26" count="172" type="stmt"/>
        <line num="27" count="172" type="stmt"/>
        <line num="28" count="172" type="stmt"/>
        <line num="29" count="172" type="stmt"/>
        <line num="30" count="172" type="stmt"/>
        <line num="31" count="172" type="stmt"/>
        <line num="32" count="172" type="stmt"/>
        <line num="35" count="184" type="stmt"/>
        <line num="38" count="184" type="cond" truecount="1" falsecount="0"/>
        <line num="45" count="184" type="cond" truecount="1" falsecount="0"/>
        <line num="46" count="187" type="cond" truecount="2" falsecount="0"/>
        <line num="47" count="186" type="stmt"/>
        <line num="48" count="186" type="stmt"/>
        <line num="49" count="187" type="cond" truecount="3" falsecount="0"/>
        <line num="51" count="185" type="stmt"/>
        <line num="52" count="187" type="cond" truecount="4" falsecount="0"/>
        <line num="54" count="182" type="stmt"/>
        <line num="55" count="182" type="stmt"/>
        <line num="56" count="182" type="stmt"/>
        <line num="57" count="182" type="stmt"/>
        <line num="58" count="182" type="stmt"/>
        <line num="59" count="187" type="stmt"/>
        <line num="66" count="184" type="cond" truecount="1" falsecount="0"/>
        <line num="67" count="6" type="cond" truecount="2" falsecount="0"/>
        <line num="68" count="5" type="stmt"/>
        <line num="69" count="6" type="cond" truecount="2" falsecount="0"/>
        <line num="71" count="6" type="cond" truecount="3" falsecount="0"/>
        <line num="72" count="3" type="stmt"/>
        <line num="73" count="3" type="stmt"/>
        <line num="74" count="3" type="stmt"/>
        <line num="75" count="3" type="stmt"/>
        <line num="76" count="6" type="stmt"/>
        <line num="79" count="184" type="cond" truecount="1" falsecount="0"/>
        <line num="80" count="5" type="stmt"/>
        <line num="81" count="5" type="stmt"/>
        <line num="82" count="5" type="stmt"/>
        <line num="83" count="5" type="stmt"/>
        <line num="84" count="5" type="stmt"/>
        <line num="85" count="5" type="stmt"/>
        <line num="86" count="5" type="stmt"/>
        <line num="87" count="5" type="stmt"/>
        <line num="88" count="5" type="cond" truecount="1" falsecount="0"/>
        <line num="89" count="9" type="stmt"/>
        <line num="90" count="9" type="cond" truecount="1" falsecount="0"/>
        <line num="91" count="9" type="cond" truecount="1" falsecount="0"/>
        <line num="92" count="1" type="stmt"/>
        <line num="93" count="5" type="stmt"/>
        <line num="96" count="184" type="cond" truecount="1" falsecount="0"/>
        <line num="97" count="26" type="cond" truecount="2" falsecount="0"/>
        <line num="98" count="26" type="cond" truecount="4" falsecount="0"/>
        <line num="99" count="26" type="stmt"/>
        <line num="100" count="26" type="cond" truecount="2" falsecount="0"/>
        <line num="101" count="24" type="stmt"/>
        <line num="102" count="24" type="stmt"/>
        <line num="103" count="24" type="stmt"/>
        <line num="104" count="24" type="stmt"/>
        <line num="105" count="24" type="stmt"/>
        <line num="106" count="26" type="stmt"/>
        <line num="109" count="184" type="cond" truecount="1" falsecount="0"/>
        <line num="110" count="20" type="cond" truecount="0" falsecount="1"/>
        <line num="111" count="20" type="stmt"/>
        <line num="112" count="20" type="stmt"/>
        <line num="113" count="20" type="stmt"/>
        <line num="114" count="20" type="stmt"/>
        <line num="117" count="184" type="cond" truecount="1" falsecount="0"/>
        <line num="120" count="184" type="cond" truecount="1" falsecount="0"/>
        <line num="121" count="184" type="cond" truecount="1" falsecount="0"/>
        <line num="122" count="184" type="cond" truecount="1" falsecount="0"/>
        <line num="123" count="184" type="stmt"/>
        <line num="125" count="184" type="cond" truecount="1" falsecount="0"/>
        <line num="128" count="184" type="cond" truecount="1" falsecount="0"/>
        <line num="129" count="18" type="stmt"/>
        <line num="130" count="18" type="stmt"/>
        <line num="133" count="184" type="cond" truecount="1" falsecount="0"/>
        <line num="134" count="8" type="stmt"/>
        <line num="135" count="8" type="stmt"/>
        <line num="137" count="184" type="stmt"/>
        <line num="140" count="21" type="cond" truecount="1" falsecount="0"/>
        <line num="141" count="21" type="stmt"/>
        <line num="142" count="21" type="stmt"/>
        <line num="143" count="21" type="stmt"/>
      </file>
      <file name="StormBolterMarine.ts" path="/Users/harry/Code/personal/sulkweb/packages/engine/src/pieces/StormBolterMarine.ts">
        <metrics statements="78" coveredstatements="76" conditionals="29" coveredconditionals="25" methods="10" coveredmethods="9"/>
        <line num="1" count="1" type="stmt"/>
        <line num="3" count="1" type="stmt"/>
        <line num="4" count="1" type="stmt"/>
        <line num="5" count="1" type="stmt"/>
        <line num="7" count="1" type="cond" truecount="1" falsecount="0"/>
        <line num="10" count="112" type="stmt"/>
        <line num="11" count="112" type="stmt"/>
        <line num="13" count="112" type="stmt"/>
        <line num="14" count="112" type="stmt"/>
        <line num="16" count="112" type="stmt"/>
        <line num="17" count="112" type="stmt"/>
        <line num="19" count="112" type="cond" truecount="1" falsecount="0"/>
        <line num="20" count="100" type="stmt"/>
        <line num="21" count="100" type="stmt"/>
        <line num="28" count="112" type="cond" truecount="1" falsecount="0"/>
        <line num="29" count="12" type="cond" truecount="4" falsecount="0"/>
        <line num="30" count="11" type="stmt"/>
        <line num="31" count="12" type="cond" truecount="2" falsecount="0"/>
        <line num="33" count="9" type="stmt"/>
        <line num="34" count="9" type="stmt"/>
        <line num="35" count="12" type="cond" truecount="2" falsecount="0"/>
        <line num="36" count="12" type="stmt"/>
        <line num="37" count="12" type="stmt"/>
        <line num="38" count="12" type="stmt"/>
        <line num="41" count="112" type="cond" truecount="1" falsecount="0"/>
        <line num="42" count="4" type="cond" truecount="0" falsecount="1"/>
        <line num="43" count="4" type="stmt"/>
        <line num="44" count="4" type="cond" truecount="0" falsecount="1"/>
        <line num="45" count="4" type="stmt"/>
        <line num="46" count="4" type="stmt"/>
        <line num="49" count="112" type="cond" truecount="1" falsecount="0"/>
        <line num="50" count="5" type="cond" truecount="0" falsecount="1"/>
        <line num="51" count="5" type="stmt"/>
        <line num="52" count="5" type="stmt"/>
        <line num="53" count="5" type="stmt"/>
        <line num="54" count="5" type="stmt"/>
        <line num="55" count="5" type="stmt"/>
        <line num="58" count="112" type="stmt"/>
        <line num="59" count="0" type="stmt"/>
        <line num="60" count="0" type="stmt"/>
        <line num="63" count="112" type="cond" truecount="1" falsecount="0"/>
        <line num="64" count="1" type="cond" truecount="0" falsecount="1"/>
        <line num="65" count="1" type="stmt"/>
        <line num="66" count="1" type="stmt"/>
        <line num="67" count="1" type="stmt"/>
        <line num="68" count="1" type="stmt"/>
        <line num="70" count="112" type="cond" truecount="1" falsecount="0"/>
        <line num="71" count="21" type="stmt"/>
        <line num="72" count="21" type="stmt"/>
        <line num="73" count="21" type="stmt"/>
        <line num="74" count="21" type="stmt"/>
        <line num="76" count="112" type="cond" truecount="1" falsecount="0"/>
        <line num="77" count="33" type="cond" truecount="2" falsecount="0"/>
        <line num="78" count="4" type="stmt"/>
        <line num="79" count="4" type="stmt"/>
        <line num="80" count="33" type="stmt"/>
        <line num="82" count="112" type="cond" truecount="1" falsecount="0"/>
        <line num="83" count="13" type="stmt"/>
        <line num="84" count="13" type="cond" truecount="1" falsecount="0"/>
        <line num="85" count="13" type="cond" truecount="1" falsecount="0"/>
        <line num="86" count="13" type="stmt"/>
        <line num="87" count="13" type="stmt"/>
        <line num="88" count="13" type="stmt"/>
        <line num="89" count="13" type="stmt"/>
        <line num="90" count="13" type="cond" truecount="2" falsecount="0"/>
        <line num="91" count="3" type="stmt"/>
        <line num="92" count="3" type="stmt"/>
        <line num="93" count="3" type="stmt"/>
        <line num="94" count="13" type="cond" truecount="1" falsecount="0"/>
        <line num="95" count="5" type="stmt"/>
        <line num="96" count="5" type="stmt"/>
        <line num="97" count="5" type="stmt"/>
        <line num="98" count="13" type="cond" truecount="1" falsecount="0"/>
        <line num="99" count="8" type="stmt"/>
        <line num="100" count="8" type="stmt"/>
        <line num="101" count="13" type="stmt"/>
        <line num="102" count="13" type="stmt"/>
        <line num="103" count="112" type="stmt"/>
      </file>
    </package>
    <package name="src.rules">
      <metrics statements="75" coveredstatements="74" conditionals="33" coveredconditionals="29" methods="14" coveredmethods="13"/>
      <file name="Door.ts" path="/Users/harry/Code/personal/sulkweb/packages/engine/src/rules/Door.ts">
        <metrics statements="16" coveredstatements="16" conditionals="7" coveredconditionals="7" methods="8" coveredmethods="7"/>
        <line num="1" count="1" type="stmt"/>
        <line num="3" count="1" type="stmt"/>
        <line num="5" count="1" type="cond" truecount="1" falsecount="0"/>
        <line num="6" count="40" type="stmt"/>
        <line num="8" count="40" type="stmt"/>
        <line num="10" count="40" type="cond" truecount="1" falsecount="0"/>
        <line num="12" count="40" type="cond" truecount="1" falsecount="0"/>
        <line num="14" count="40" type="cond" truecount="1" falsecount="0"/>
        <line num="15" count="40" type="stmt"/>
        <line num="17" count="40" type="cond" truecount="1" falsecount="0"/>
        <line num="19" count="40" type="cond" truecount="1" falsecount="0"/>
        <line num="20" count="40" type="cond" truecount="1" falsecount="0"/>
        <line num="21" count="40" type="stmt"/>
        <line num="23" count="1" type="stmt"/>
        <line num="24" count="1" type="stmt"/>
        <line num="25" count="1" type="stmt"/>
      </file>
      <file name="Feature.ts" path="/Users/harry/Code/personal/sulkweb/packages/engine/src/rules/Feature.ts">
        <metrics statements="4" coveredstatements="4" conditionals="2" coveredconditionals="2" methods="2" coveredmethods="2"/>
        <line num="4" count="1" type="cond" truecount="1" falsecount="0"/>
        <line num="5" count="43" type="stmt"/>
        <line num="6" count="43" type="cond" truecount="1" falsecount="0"/>
        <line num="12" count="43" type="stmt"/>
      </file>
      <file name="combat.ts" path="/Users/harry/Code/personal/sulkweb/packages/engine/src/rules/combat.ts">
        <metrics statements="55" coveredstatements="54" conditionals="24" coveredconditionals="20" methods="4" coveredmethods="4"/>
        <line num="2" count="1" type="stmt"/>
        <line num="3" count="1" type="stmt"/>
        <line num="12" count="1" type="cond" truecount="1" falsecount="0"/>
        <line num="13" count="35" type="stmt"/>
        <line num="14" count="35" type="cond" truecount="2" falsecount="0"/>
        <line num="15" count="35" type="stmt"/>
        <line num="17" count="34" type="cond" truecount="1" falsecount="0"/>
        <line num="18" count="34" type="cond" truecount="1" falsecount="0"/>
        <line num="19" count="17" type="cond" truecount="2" falsecount="0"/>
        <line num="20" count="17" type="stmt"/>
        <line num="21" count="17" type="stmt"/>
        <line num="22" count="17" type="stmt"/>
        <line num="31" count="1" type="cond" truecount="1" falsecount="0"/>
        <line num="32" count="18" type="cond" truecount="0" falsecount="1"/>
        <line num="34" count="18" type="stmt"/>
        <line num="35" count="18" type="cond" truecount="3" falsecount="0"/>
        <line num="37" count="17" type="stmt"/>
        <line num="38" count="17" type="stmt"/>
        <line num="39" count="17" type="stmt"/>
        <line num="40" count="17" type="stmt"/>
        <line num="41" count="17" type="cond" truecount="1" falsecount="0"/>
        <line num="42" count="17" type="cond" truecount="1" falsecount="0"/>
        <line num="43" count="17" type="stmt"/>
        <line num="44" count="17" type="stmt"/>
        <line num="46" count="17" type="stmt"/>
        <line num="47" count="17" type="stmt"/>
        <line num="48" count="18" type="cond" truecount="1" falsecount="0"/>
        <line num="49" count="13" type="stmt"/>
        <line num="50" count="13" type="cond" truecount="1" falsecount="0"/>
        <line num="51" count="12" type="stmt"/>
        <line num="52" count="13" type="cond" truecount="1" falsecount="0"/>
        <line num="54" count="1" type="stmt"/>
        <line num="55" count="1" type="stmt"/>
        <line num="56" count="18" type="cond" truecount="2" falsecount="0"/>
        <line num="57" count="2" type="stmt"/>
        <line num="58" count="2" type="stmt"/>
        <line num="59" count="2" type="stmt"/>
        <line num="60" count="2" type="stmt"/>
        <line num="61" count="2" type="cond" truecount="0" falsecount="1"/>
        <line num="62" count="2" type="cond" truecount="1" falsecount="0"/>
        <line num="64" count="17" type="stmt"/>
        <line num="65" count="17" type="stmt"/>
        <line num="66" count="17" type="stmt"/>
        <line num="67" count="17" type="stmt"/>
        <line num="68" count="17" type="stmt"/>
        <line num="69" count="17" type="stmt"/>
        <line num="71" count="1" type="cond" truecount="1" falsecount="0"/>
        <line num="72" count="1" type="stmt"/>
        <line num="73" count="1" type="stmt"/>
        <line num="74" count="1" type="cond" truecount="0" falsecount="1"/>
        <line num="75" count="0" type="stmt"/>
        <line num="76" count="1" type="stmt"/>
        <line num="77" count="1" type="cond" truecount="0" falsecount="1"/>
        <line num="78" count="1" type="stmt"/>
        <line num="79" count="1" type="stmt"/>
      </file>
    </package>
    <package name="src.ui">
      <metrics statements="14" coveredstatements="14" conditionals="6" coveredconditionals="6" methods="5" coveredmethods="5"/>
      <file name="Selection.ts" path="/Users/harry/Code/personal/sulkweb/packages/engine/src/ui/Selection.ts">
        <metrics statements="14" coveredstatements="14" conditionals="6" coveredconditionals="6" methods="5" coveredmethods="5"/>
        <line num="2" count="1" type="cond" truecount="1" falsecount="0"/>
        <line num="3" count="2" type="stmt"/>
        <line num="5" count="2" type="cond" truecount="1" falsecount="0"/>
        <line num="6" count="2" type="stmt"/>
        <line num="7" count="2" type="stmt"/>
        <line num="8" count="2" type="stmt"/>
        <line num="9" count="2" type="stmt"/>
        <line num="10" count="2" type="cond" truecount="1" falsecount="0"/>
        <line num="11" count="2" type="cond" truecount="1" falsecount="0"/>
        <line num="12" count="1" type="stmt"/>
        <line num="13" count="2" type="stmt"/>
        <line num="14" count="2" type="cond" truecount="1" falsecount="0"/>
        <line num="15" count="2" type="cond" truecount="1" falsecount="0"/>
        <line num="16" count="2" type="stmt"/>
      </file>
    </package>
  </project>
</coverage>
