{"/Users/harry/Code/sulk/sulkweb/packages/engine/scripts/register-ts-node.js": {"path":"/Users/harry/Code/sulk/sulkweb/packages/engine/scripts/register-ts-node.js","all":true,"statementMap":{"0":{"start":{"line":1,"column":0},"end":{"line":1,"column":39}},"1":{"start":{"line":2,"column":0},"end":{"line":2,"column":41}},"3":{"start":{"line":4,"column":0},"end":{"line":4,"column":45}}},"s":{"0":0,"1":0,"3":0},"branchMap":{"0":{"type":"branch","line":1,"loc":{"start":{"line":1,"column":0},"end":{"line":4,"column":-2}},"locations":[{"start":{"line":1,"column":0},"end":{"line":4,"column":-2}}]}},"b":{"0":[0]},"fnMap":{"0":{"name":"(empty-report)","decl":{"start":{"line":1,"column":0},"end":{"line":4,"column":-2}},"loc":{"start":{"line":1,"column":0},"end":{"line":4,"column":-2}},"line":1}},"f":{"0":0}}
,"/Users/harry/Code/sulk/sulkweb/packages/engine/src/GameCycle.ts": {"path":"/Users/harry/Code/sulk/sulkweb/packages/engine/src/GameCycle.ts","all":false,"statementMap":{"1":{"start":{"line":2,"column":0},"end":{"line":2,"column":52}},"4":{"start":{"line":5,"column":0},"end":{"line":5,"column":24}},"6":{"start":{"line":7,"column":0},"end":{"line":7,"column":16}},"7":{"start":{"line":8,"column":0},"end":{"line":8,"column":14}},"9":{"start":{"line":10,"column":0},"end":{"line":10,"column":55}},"10":{"start":{"line":11,"column":0},"end":{"line":11,"column":29}},"11":{"start":{"line":12,"column":0},"end":{"line":12,"column":24}},"12":{"start":{"line":13,"column":0},"end":{"line":13,"column":3}},"15":{"start":{"line":16,"column":0},"end":{"line":16,"column":16}},"16":{"start":{"line":17,"column":0},"end":{"line":17,"column":38}},"17":{"start":{"line":18,"column":0},"end":{"line":18,"column":24}},"18":{"start":{"line":19,"column":0},"end":{"line":19,"column":3}},"19":{"start":{"line":20,"column":0},"end":{"line":20,"column":1}}},"s":{"1":1,"4":1,"6":1,"7":3,"9":1,"10":3,"11":3,"12":3,"15":1,"16":16,"17":16,"18":16,"19":1},"branchMap":{"0":{"type":"branch","line":7,"loc":{"start":{"line":7,"column":2},"end":{"line":8,"column":14}},"locations":[{"start":{"line":7,"column":2},"end":{"line":8,"column":14}}]},"1":{"type":"branch","line":10,"loc":{"start":{"line":10,"column":2},"end":{"line":13,"column":3}},"locations":[{"start":{"line":10,"column":2},"end":{"line":13,"column":3}}]},"2":{"type":"branch","line":16,"loc":{"start":{"line":16,"column":2},"end":{"line":19,"column":3}},"locations":[{"start":{"line":16,"column":2},"end":{"line":19,"column":3}}]}},"b":{"0":[3],"1":[3],"2":[16]},"fnMap":{"0":{"name":"<instance_members_initializer>","decl":{"start":{"line":7,"column":2},"end":{"line":8,"column":14}},"loc":{"start":{"line":7,"column":2},"end":{"line":8,"column":14}},"line":7},"1":{"name":"GameCycle","decl":{"start":{"line":10,"column":2},"end":{"line":13,"column":3}},"loc":{"start":{"line":10,"column":2},"end":{"line":13,"column":3}},"line":10},"2":{"name":"step","decl":{"start":{"line":16,"column":2},"end":{"line":19,"column":3}},"loc":{"start":{"line":16,"column":2},"end":{"line":19,"column":3}},"line":16}},"f":{"0":3,"1":3,"2":16}}
,"/Users/harry/Code/sulk/sulkweb/packages/engine/src/GameEngine.ts": {"path":"/Users/harry/Code/sulk/sulkweb/packages/engine/src/GameEngine.ts","all":false,"statementMap":{"0":{"start":{"line":1,"column":0},"end":{"line":1,"column":40}},"7":{"start":{"line":8,"column":0},"end":{"line":8,"column":25}},"8":{"start":{"line":9,"column":0},"end":{"line":9,"column":36}},"10":{"start":{"line":11,"column":0},"end":{"line":11,"column":41}},"11":{"start":{"line":12,"column":0},"end":{"line":12,"column":85}},"12":{"start":{"line":13,"column":0},"end":{"line":13,"column":3}},"13":{"start":{"line":14,"column":0},"end":{"line":14,"column":1}}},"s":{"0":1,"7":1,"8":1,"10":1,"11":1,"12":1,"13":1},"branchMap":{"0":{"type":"branch","line":9,"loc":{"start":{"line":9,"column":18},"end":{"line":9,"column":36}},"locations":[{"start":{"line":9,"column":18},"end":{"line":9,"column":36}}]},"1":{"type":"branch","line":11,"loc":{"start":{"line":11,"column":2},"end":{"line":13,"column":3}},"locations":[{"start":{"line":11,"column":2},"end":{"line":13,"column":3}}]}},"b":{"0":[1],"1":[1]},"fnMap":{"0":{"name":"<instance_members_initializer>","decl":{"start":{"line":9,"column":18},"end":{"line":9,"column":36}},"loc":{"start":{"line":9,"column":18},"end":{"line":9,"column":36}},"line":9},"1":{"name":"GameEngine","decl":{"start":{"line":11,"column":2},"end":{"line":13,"column":3}},"loc":{"start":{"line":11,"column":2},"end":{"line":13,"column":3}},"line":11}},"f":{"0":1,"1":1}}
,"/Users/harry/Code/sulk/sulkweb/packages/engine/src/example.ts": {"path":"/Users/harry/Code/sulk/sulkweb/packages/engine/src/example.ts","all":true,"statementMap":{"1":{"start":{"line":2,"column":0},"end":{"line":2,"column":41}},"2":{"start":{"line":3,"column":0},"end":{"line":3,"column":48}},"3":{"start":{"line":4,"column":0},"end":{"line":4,"column":41}},"4":{"start":{"line":5,"column":0},"end":{"line":5,"column":39}},"5":{"start":{"line":6,"column":0},"end":{"line":6,"column":45}},"6":{"start":{"line":7,"column":0},"end":{"line":7,"column":43}},"10":{"start":{"line":11,"column":0},"end":{"line":11,"column":34}},"11":{"start":{"line":12,"column":0},"end":{"line":12,"column":36}},"14":{"start":{"line":15,"column":0},"end":{"line":15,"column":43}},"15":{"start":{"line":16,"column":0},"end":{"line":16,"column":81}},"16":{"start":{"line":17,"column":0},"end":{"line":17,"column":83}},"18":{"start":{"line":19,"column":0},"end":{"line":19,"column":63}},"19":{"start":{"line":20,"column":0},"end":{"line":20,"column":80}},"20":{"start":{"line":21,"column":0},"end":{"line":21,"column":48}},"23":{"start":{"line":24,"column":0},"end":{"line":24,"column":43}},"24":{"start":{"line":25,"column":0},"end":{"line":25,"column":36}},"25":{"start":{"line":26,"column":0},"end":{"line":26,"column":79}},"28":{"start":{"line":29,"column":0},"end":{"line":29,"column":40}},"29":{"start":{"line":30,"column":0},"end":{"line":30,"column":47}},"30":{"start":{"line":31,"column":0},"end":{"line":31,"column":84}},"31":{"start":{"line":32,"column":0},"end":{"line":32,"column":29}},"32":{"start":{"line":33,"column":0},"end":{"line":33,"column":44}},"33":{"start":{"line":34,"column":0},"end":{"line":34,"column":1}},"35":{"start":{"line":36,"column":0},"end":{"line":36,"column":69}},"36":{"start":{"line":37,"column":0},"end":{"line":37,"column":77}},"37":{"start":{"line":38,"column":0},"end":{"line":38,"column":17}},"38":{"start":{"line":39,"column":0},"end":{"line":39,"column":45}},"39":{"start":{"line":40,"column":0},"end":{"line":40,"column":1}},"43":{"start":{"line":44,"column":0},"end":{"line":44,"column":12}},"44":{"start":{"line":45,"column":0},"end":{"line":45,"column":41}},"47":{"start":{"line":48,"column":0},"end":{"line":48,"column":43}},"48":{"start":{"line":49,"column":0},"end":{"line":49,"column":84}},"50":{"start":{"line":51,"column":0},"end":{"line":51,"column":65}},"51":{"start":{"line":52,"column":0},"end":{"line":52,"column":77}},"54":{"start":{"line":55,"column":0},"end":{"line":55,"column":35}},"55":{"start":{"line":56,"column":0},"end":{"line":56,"column":36}},"56":{"start":{"line":57,"column":0},"end":{"line":57,"column":1}},"59":{"start":{"line":60,"column":0},"end":{"line":60,"column":66}},"60":{"start":{"line":61,"column":0},"end":{"line":61,"column":50}},"63":{"start":{"line":64,"column":0},"end":{"line":64,"column":56}},"64":{"start":{"line":65,"column":0},"end":{"line":65,"column":29}},"66":{"start":{"line":67,"column":0},"end":{"line":67,"column":75}},"68":{"start":{"line":69,"column":0},"end":{"line":69,"column":29}},"69":{"start":{"line":70,"column":0},"end":{"line":70,"column":14}},"70":{"start":{"line":71,"column":0},"end":{"line":71,"column":75}},"71":{"start":{"line":72,"column":0},"end":{"line":72,"column":1}},"75":{"start":{"line":76,"column":0},"end":{"line":76,"column":59}},"78":{"start":{"line":79,"column":0},"end":{"line":79,"column":40}},"79":{"start":{"line":80,"column":0},"end":{"line":80,"column":23}},"80":{"start":{"line":81,"column":0},"end":{"line":81,"column":12}},"81":{"start":{"line":82,"column":0},"end":{"line":82,"column":13}},"82":{"start":{"line":83,"column":0},"end":{"line":83,"column":12}},"84":{"start":{"line":85,"column":0},"end":{"line":85,"column":51}},"85":{"start":{"line":86,"column":0},"end":{"line":86,"column":51}},"86":{"start":{"line":87,"column":0},"end":{"line":87,"column":51}},"87":{"start":{"line":88,"column":0},"end":{"line":88,"column":51}},"88":{"start":{"line":89,"column":0},"end":{"line":89,"column":51}},"89":{"start":{"line":90,"column":0},"end":{"line":90,"column":51}},"90":{"start":{"line":91,"column":0},"end":{"line":91,"column":51}},"91":{"start":{"line":92,"column":0},"end":{"line":92,"column":51}},"93":{"start":{"line":94,"column":0},"end":{"line":94,"column":59}},"94":{"start":{"line":95,"column":0},"end":{"line":95,"column":59}},"95":{"start":{"line":96,"column":0},"end":{"line":96,"column":59}},"96":{"start":{"line":97,"column":0},"end":{"line":97,"column":58}},"97":{"start":{"line":98,"column":0},"end":{"line":98,"column":3}},"98":{"start":{"line":99,"column":0},"end":{"line":99,"column":2}},"100":{"start":{"line":101,"column":0},"end":{"line":101,"column":45}},"102":{"start":{"line":103,"column":0},"end":{"line":103,"column":56}},"103":{"start":{"line":104,"column":0},"end":{"line":104,"column":29}},"105":{"start":{"line":106,"column":0},"end":{"line":106,"column":16}},"106":{"start":{"line":107,"column":0},"end":{"line":107,"column":53}},"107":{"start":{"line":108,"column":0},"end":{"line":108,"column":15}},"108":{"start":{"line":109,"column":0},"end":{"line":109,"column":54}},"109":{"start":{"line":110,"column":0},"end":{"line":110,"column":54}},"110":{"start":{"line":111,"column":0},"end":{"line":111,"column":59}},"111":{"start":{"line":112,"column":0},"end":{"line":112,"column":3}},"112":{"start":{"line":113,"column":0},"end":{"line":113,"column":23}},"113":{"start":{"line":114,"column":0},"end":{"line":114,"column":1}},"114":{"start":{"line":115,"column":0},"end":{"line":115,"column":20}},"117":{"start":{"line":118,"column":0},"end":{"line":118,"column":38}},"118":{"start":{"line":119,"column":0},"end":{"line":119,"column":94}},"119":{"start":{"line":120,"column":0},"end":{"line":120,"column":63}}},"s":{"1":0,"2":0,"3":0,"4":0,"5":0,"6":0,"10":0,"11":0,"14":0,"15":0,"16":0,"18":0,"19":0,"20":0,"23":0,"24":0,"25":0,"28":0,"29":0,"30":0,"31":0,"32":0,"33":0,"35":0,"36":0,"37":0,"38":0,"39":0,"43":0,"44":0,"47":0,"48":0,"50":0,"51":0,"54":0,"55":0,"56":0,"59":0,"60":0,"63":0,"64":0,"66":0,"68":0,"69":0,"70":0,"71":0,"75":0,"78":0,"79":0,"80":0,"81":0,"82":0,"84":0,"85":0,"86":0,"87":0,"88":0,"89":0,"90":0,"91":0,"93":0,"94":0,"95":0,"96":0,"97":0,"98":0,"100":0,"102":0,"103":0,"105":0,"106":0,"107":0,"108":0,"109":0,"110":0,"111":0,"112":0,"113":0,"114":0,"117":0,"118":0,"119":0},"branchMap":{"0":{"type":"branch","line":1,"loc":{"start":{"line":1,"column":4315},"end":{"line":120,"column":63}},"locations":[{"start":{"line":1,"column":4315},"end":{"line":120,"column":63}}]}},"b":{"0":[1]},"fnMap":{"0":{"name":"(empty-report)","decl":{"start":{"line":1,"column":4315},"end":{"line":120,"column":63}},"loc":{"start":{"line":1,"column":4315},"end":{"line":120,"column":63}},"line":1}},"f":{"0":1}}
,"/Users/harry/Code/sulk/sulkweb/packages/engine/src/index.ts": {"path":"/Users/harry/Code/sulk/sulkweb/packages/engine/src/index.ts","all":false,"statementMap":{"0":{"start":{"line":1,"column":0},"end":{"line":1,"column":33}},"1":{"start":{"line":2,"column":0},"end":{"line":2,"column":34}},"2":{"start":{"line":3,"column":0},"end":{"line":3,"column":32}},"3":{"start":{"line":4,"column":0},"end":{"line":4,"column":58}},"4":{"start":{"line":5,"column":0},"end":{"line":5,"column":43}},"5":{"start":{"line":6,"column":0},"end":{"line":6,"column":48}},"8":{"start":{"line":9,"column":0},"end":{"line":9,"column":42}},"10":{"start":{"line":11,"column":0},"end":{"line":11,"column":66}},"11":{"start":{"line":12,"column":0},"end":{"line":12,"column":42}},"12":{"start":{"line":13,"column":0},"end":{"line":13,"column":73}},"16":{"start":{"line":17,"column":0},"end":{"line":17,"column":39}},"17":{"start":{"line":18,"column":0},"end":{"line":18,"column":43}}},"s":{"0":1,"1":1,"2":1,"3":1,"4":1,"5":1,"8":1,"10":1,"11":1,"12":1,"16":1,"17":1},"branchMap":{},"b":{},"fnMap":{},"f":{}}
,"/Users/harry/Code/sulk/sulkweb/packages/engine/src/minimal-example.ts": {"path":"/Users/harry/Code/sulk/sulkweb/packages/engine/src/minimal-example.ts","all":true,"statementMap":{"1":{"start":{"line":2,"column":0},"end":{"line":2,"column":41}},"4":{"start":{"line":5,"column":0},"end":{"line":5,"column":19}},"5":{"start":{"line":6,"column":0},"end":{"line":6,"column":11}},"6":{"start":{"line":7,"column":0},"end":{"line":7,"column":12}},"7":{"start":{"line":8,"column":0},"end":{"line":8,"column":12}},"8":{"start":{"line":9,"column":0},"end":{"line":9,"column":35}},"9":{"start":{"line":10,"column":0},"end":{"line":10,"column":4}},"10":{"start":{"line":11,"column":0},"end":{"line":11,"column":35}},"11":{"start":{"line":12,"column":0},"end":{"line":12,"column":66}},"12":{"start":{"line":13,"column":0},"end":{"line":13,"column":3}},"13":{"start":{"line":14,"column":0},"end":{"line":14,"column":2}},"15":{"start":{"line":16,"column":0},"end":{"line":16,"column":35}},"16":{"start":{"line":17,"column":0},"end":{"line":17,"column":60}},"17":{"start":{"line":18,"column":0},"end":{"line":18,"column":66}}},"s":{"1":0,"4":0,"5":0,"6":0,"7":0,"8":0,"9":0,"10":0,"11":0,"12":0,"13":0,"15":0,"16":0,"17":0},"branchMap":{"0":{"type":"branch","line":1,"loc":{"start":{"line":1,"column":496},"end":{"line":18,"column":66}},"locations":[{"start":{"line":1,"column":496},"end":{"line":18,"column":66}}]}},"b":{"0":[1]},"fnMap":{"0":{"name":"(empty-report)","decl":{"start":{"line":1,"column":496},"end":{"line":18,"column":66}},"loc":{"start":{"line":1,"column":496},"end":{"line":18,"column":66}},"line":1}},"f":{"0":1}}
,"/Users/harry/Code/sulk/sulkweb/packages/engine/src/working-example.ts": {"path":"/Users/harry/Code/sulk/sulkweb/packages/engine/src/working-example.ts","all":true,"statementMap":{"1":{"start":{"line":2,"column":0},"end":{"line":2,"column":41}},"2":{"start":{"line":3,"column":0},"end":{"line":3,"column":48}},"3":{"start":{"line":4,"column":0},"end":{"line":4,"column":41}},"4":{"start":{"line":5,"column":0},"end":{"line":5,"column":39}},"5":{"start":{"line":6,"column":0},"end":{"line":6,"column":45}},"6":{"start":{"line":7,"column":0},"end":{"line":7,"column":43}},"9":{"start":{"line":10,"column":0},"end":{"line":10,"column":43}},"12":{"start":{"line":13,"column":0},"end":{"line":13,"column":34}},"13":{"start":{"line":14,"column":0},"end":{"line":14,"column":36}},"16":{"start":{"line":17,"column":0},"end":{"line":17,"column":43}},"17":{"start":{"line":18,"column":0},"end":{"line":18,"column":81}},"18":{"start":{"line":19,"column":0},"end":{"line":19,"column":83}},"20":{"start":{"line":21,"column":0},"end":{"line":21,"column":63}},"21":{"start":{"line":22,"column":0},"end":{"line":22,"column":80}},"22":{"start":{"line":23,"column":0},"end":{"line":23,"column":48}},"25":{"start":{"line":26,"column":0},"end":{"line":26,"column":43}},"26":{"start":{"line":27,"column":0},"end":{"line":27,"column":36}},"27":{"start":{"line":28,"column":0},"end":{"line":28,"column":79}},"30":{"start":{"line":31,"column":0},"end":{"line":31,"column":40}},"31":{"start":{"line":32,"column":0},"end":{"line":32,"column":47}},"32":{"start":{"line":33,"column":0},"end":{"line":33,"column":84}},"33":{"start":{"line":34,"column":0},"end":{"line":34,"column":29}},"34":{"start":{"line":35,"column":0},"end":{"line":35,"column":44}},"35":{"start":{"line":36,"column":0},"end":{"line":36,"column":1}},"37":{"start":{"line":38,"column":0},"end":{"line":38,"column":69}},"38":{"start":{"line":39,"column":0},"end":{"line":39,"column":77}},"39":{"start":{"line":40,"column":0},"end":{"line":40,"column":17}},"40":{"start":{"line":41,"column":0},"end":{"line":41,"column":43}},"41":{"start":{"line":42,"column":0},"end":{"line":42,"column":1}},"44":{"start":{"line":45,"column":0},"end":{"line":45,"column":12}},"45":{"start":{"line":46,"column":0},"end":{"line":46,"column":41}},"48":{"start":{"line":49,"column":0},"end":{"line":49,"column":43}},"49":{"start":{"line":50,"column":0},"end":{"line":50,"column":84}},"51":{"start":{"line":52,"column":0},"end":{"line":52,"column":65}},"52":{"start":{"line":53,"column":0},"end":{"line":53,"column":77}},"55":{"start":{"line":56,"column":0},"end":{"line":56,"column":35}},"56":{"start":{"line":57,"column":0},"end":{"line":57,"column":36}},"57":{"start":{"line":58,"column":0},"end":{"line":58,"column":1}},"60":{"start":{"line":61,"column":0},"end":{"line":61,"column":66}},"61":{"start":{"line":62,"column":0},"end":{"line":62,"column":50}},"64":{"start":{"line":65,"column":0},"end":{"line":65,"column":56}},"65":{"start":{"line":66,"column":0},"end":{"line":66,"column":29}},"67":{"start":{"line":68,"column":0},"end":{"line":68,"column":75}},"69":{"start":{"line":70,"column":0},"end":{"line":70,"column":29}},"70":{"start":{"line":71,"column":0},"end":{"line":71,"column":14}},"71":{"start":{"line":72,"column":0},"end":{"line":72,"column":75}},"72":{"start":{"line":73,"column":0},"end":{"line":73,"column":1}},"75":{"start":{"line":76,"column":0},"end":{"line":76,"column":57}},"78":{"start":{"line":79,"column":0},"end":{"line":79,"column":40}},"79":{"start":{"line":80,"column":0},"end":{"line":80,"column":23}},"80":{"start":{"line":81,"column":0},"end":{"line":81,"column":12}},"81":{"start":{"line":82,"column":0},"end":{"line":82,"column":13}},"82":{"start":{"line":83,"column":0},"end":{"line":83,"column":12}},"84":{"start":{"line":85,"column":0},"end":{"line":85,"column":51}},"85":{"start":{"line":86,"column":0},"end":{"line":86,"column":51}},"86":{"start":{"line":87,"column":0},"end":{"line":87,"column":51}},"87":{"start":{"line":88,"column":0},"end":{"line":88,"column":51}},"88":{"start":{"line":89,"column":0},"end":{"line":89,"column":51}},"89":{"start":{"line":90,"column":0},"end":{"line":90,"column":51}},"90":{"start":{"line":91,"column":0},"end":{"line":91,"column":51}},"91":{"start":{"line":92,"column":0},"end":{"line":92,"column":51}},"93":{"start":{"line":94,"column":0},"end":{"line":94,"column":59}},"94":{"start":{"line":95,"column":0},"end":{"line":95,"column":59}},"95":{"start":{"line":96,"column":0},"end":{"line":96,"column":59}},"96":{"start":{"line":97,"column":0},"end":{"line":97,"column":58}},"97":{"start":{"line":98,"column":0},"end":{"line":98,"column":3}},"98":{"start":{"line":99,"column":0},"end":{"line":99,"column":2}},"100":{"start":{"line":101,"column":0},"end":{"line":101,"column":45}},"102":{"start":{"line":103,"column":0},"end":{"line":103,"column":56}},"103":{"start":{"line":104,"column":0},"end":{"line":104,"column":29}},"105":{"start":{"line":106,"column":0},"end":{"line":106,"column":16}},"106":{"start":{"line":107,"column":0},"end":{"line":107,"column":53}},"107":{"start":{"line":108,"column":0},"end":{"line":108,"column":15}},"108":{"start":{"line":109,"column":0},"end":{"line":109,"column":54}},"109":{"start":{"line":110,"column":0},"end":{"line":110,"column":54}},"110":{"start":{"line":111,"column":0},"end":{"line":111,"column":59}},"111":{"start":{"line":112,"column":0},"end":{"line":112,"column":3}},"112":{"start":{"line":113,"column":0},"end":{"line":113,"column":23}},"113":{"start":{"line":114,"column":0},"end":{"line":114,"column":1}},"114":{"start":{"line":115,"column":0},"end":{"line":115,"column":20}},"116":{"start":{"line":117,"column":0},"end":{"line":117,"column":57}}},"s":{"1":0,"2":0,"3":0,"4":0,"5":0,"6":0,"9":0,"12":0,"13":0,"16":0,"17":0,"18":0,"20":0,"21":0,"22":0,"25":0,"26":0,"27":0,"30":0,"31":0,"32":0,"33":0,"34":0,"35":0,"37":0,"38":0,"39":0,"40":0,"41":0,"44":0,"45":0,"48":0,"49":0,"51":0,"52":0,"55":0,"56":0,"57":0,"60":0,"61":0,"64":0,"65":0,"67":0,"69":0,"70":0,"71":0,"72":0,"75":0,"78":0,"79":0,"80":0,"81":0,"82":0,"84":0,"85":0,"86":0,"87":0,"88":0,"89":0,"90":0,"91":0,"93":0,"94":0,"95":0,"96":0,"97":0,"98":0,"100":0,"102":0,"103":0,"105":0,"106":0,"107":0,"108":0,"109":0,"110":0,"111":0,"112":0,"113":0,"114":0,"116":0},"branchMap":{"0":{"type":"branch","line":1,"loc":{"start":{"line":1,"column":4134},"end":{"line":117,"column":57}},"locations":[{"start":{"line":1,"column":4134},"end":{"line":117,"column":57}}]}},"b":{"0":[1]},"fnMap":{"0":{"name":"(empty-report)","decl":{"start":{"line":1,"column":4134},"end":{"line":117,"column":57}},"loc":{"start":{"line":1,"column":4134},"end":{"line":117,"column":57}},"line":1}},"f":{"0":1}}
,"/Users/harry/Code/sulk/sulkweb/packages/engine/src/board/Board.ts": {"path":"/Users/harry/Code/sulk/sulkweb/packages/engine/src/board/Board.ts","all":false,"statementMap":{"0":{"start":{"line":1,"column":0},"end":{"line":1,"column":36}},"3":{"start":{"line":4,"column":0},"end":{"line":4,"column":20}},"4":{"start":{"line":5,"column":0},"end":{"line":5,"column":43}},"5":{"start":{"line":6,"column":0},"end":{"line":6,"column":31}},"6":{"start":{"line":7,"column":0},"end":{"line":7,"column":32}},"7":{"start":{"line":8,"column":0},"end":{"line":8,"column":59}},"9":{"start":{"line":10,"column":0},"end":{"line":10,"column":83}},"10":{"start":{"line":11,"column":0},"end":{"line":11,"column":45}},"11":{"start":{"line":12,"column":0},"end":{"line":12,"column":42}},"13":{"start":{"line":14,"column":0},"end":{"line":14,"column":37}},"14":{"start":{"line":15,"column":0},"end":{"line":15,"column":40}},"15":{"start":{"line":16,"column":0},"end":{"line":16,"column":38}},"17":{"start":{"line":18,"column":0},"end":{"line":18,"column":49}},"18":{"start":{"line":19,"column":0},"end":{"line":19,"column":42}},"19":{"start":{"line":20,"column":0},"end":{"line":20,"column":43}},"20":{"start":{"line":21,"column":0},"end":{"line":21,"column":55}},"21":{"start":{"line":22,"column":0},"end":{"line":22,"column":55}},"22":{"start":{"line":23,"column":0},"end":{"line":23,"column":47}},"23":{"start":{"line":24,"column":0},"end":{"line":24,"column":11}},"24":{"start":{"line":25,"column":0},"end":{"line":25,"column":9}},"25":{"start":{"line":26,"column":0},"end":{"line":26,"column":50}},"26":{"start":{"line":27,"column":0},"end":{"line":27,"column":14}},"28":{"start":{"line":29,"column":0},"end":{"line":29,"column":49}},"29":{"start":{"line":30,"column":0},"end":{"line":30,"column":40}},"30":{"start":{"line":31,"column":0},"end":{"line":31,"column":62}},"31":{"start":{"line":32,"column":0},"end":{"line":32,"column":11}},"32":{"start":{"line":33,"column":0},"end":{"line":33,"column":50}},"33":{"start":{"line":34,"column":0},"end":{"line":34,"column":7}},"34":{"start":{"line":35,"column":0},"end":{"line":35,"column":5}},"38":{"start":{"line":39,"column":0},"end":{"line":39,"column":32}},"39":{"start":{"line":40,"column":0},"end":{"line":40,"column":40}},"40":{"start":{"line":41,"column":0},"end":{"line":41,"column":41}},"42":{"start":{"line":43,"column":0},"end":{"line":43,"column":42}},"43":{"start":{"line":44,"column":0},"end":{"line":44,"column":45}},"44":{"start":{"line":45,"column":0},"end":{"line":45,"column":9}},"45":{"start":{"line":46,"column":0},"end":{"line":46,"column":7}},"46":{"start":{"line":47,"column":0},"end":{"line":47,"column":5}},"47":{"start":{"line":48,"column":0},"end":{"line":48,"column":3}},"49":{"start":{"line":50,"column":0},"end":{"line":50,"column":59}},"50":{"start":{"line":51,"column":0},"end":{"line":51,"column":85}},"52":{"start":{"line":53,"column":0},"end":{"line":53,"column":56}},"53":{"start":{"line":54,"column":0},"end":{"line":54,"column":46}},"55":{"start":{"line":56,"column":0},"end":{"line":56,"column":44}},"56":{"start":{"line":57,"column":0},"end":{"line":57,"column":3}},"59":{"start":{"line":60,"column":0},"end":{"line":60,"column":79}},"65":{"start":{"line":66,"column":0},"end":{"line":66,"column":41}},"67":{"start":{"line":68,"column":0},"end":{"line":68,"column":42}},"68":{"start":{"line":69,"column":0},"end":{"line":69,"column":46}},"69":{"start":{"line":70,"column":0},"end":{"line":70,"column":5}},"71":{"start":{"line":72,"column":0},"end":{"line":72,"column":28}},"72":{"start":{"line":73,"column":0},"end":{"line":73,"column":35}},"75":{"start":{"line":76,"column":0},"end":{"line":76,"column":38}},"76":{"start":{"line":77,"column":0},"end":{"line":77,"column":40}},"77":{"start":{"line":78,"column":0},"end":{"line":78,"column":69}},"79":{"start":{"line":80,"column":0},"end":{"line":80,"column":50}},"80":{"start":{"line":81,"column":0},"end":{"line":81,"column":47}},"81":{"start":{"line":82,"column":0},"end":{"line":82,"column":7}},"82":{"start":{"line":83,"column":0},"end":{"line":83,"column":5}},"85":{"start":{"line":86,"column":0},"end":{"line":86,"column":47}},"86":{"start":{"line":87,"column":0},"end":{"line":87,"column":21}},"87":{"start":{"line":88,"column":0},"end":{"line":88,"column":3}},"88":{"start":{"line":89,"column":0},"end":{"line":89,"column":1}}},"s":{"0":1,"3":1,"4":1,"5":23,"6":23,"7":23,"9":1,"10":23,"11":23,"13":23,"14":23,"15":3,"17":2,"18":2,"19":7,"20":29,"21":29,"22":29,"23":29,"24":7,"25":2,"26":2,"28":1,"29":81,"30":81,"31":1,"32":1,"33":1,"34":3,"38":23,"39":20,"40":92,"42":436,"43":436,"44":436,"45":92,"46":20,"47":23,"49":1,"50":1,"52":1,"53":2,"55":2,"56":2,"59":1,"65":1,"67":3,"68":1,"69":1,"71":2,"72":2,"75":3,"76":6,"77":18,"79":16,"80":16,"81":18,"82":6,"85":2,"86":2,"87":3,"88":1},"branchMap":{"0":{"type":"branch","line":5,"loc":{"start":{"line":5,"column":18},"end":{"line":8,"column":59}},"locations":[{"start":{"line":5,"column":18},"end":{"line":8,"column":59}}]},"1":{"type":"branch","line":10,"loc":{"start":{"line":10,"column":2},"end":{"line":48,"column":3}},"locations":[{"start":{"line":10,"column":2},"end":{"line":48,"column":3}}]},"2":{"type":"branch","line":15,"loc":{"start":{"line":15,"column":8},"end":{"line":15,"column":39}},"locations":[{"start":{"line":15,"column":8},"end":{"line":15,"column":39}}]},"3":{"type":"branch","line":15,"loc":{"start":{"line":15,"column":39},"end":{"line":35,"column":5}},"locations":[{"start":{"line":15,"column":39},"end":{"line":35,"column":5}}]},"4":{"type":"branch","line":16,"loc":{"start":{"line":16,"column":37},"end":{"line":34,"column":7}},"locations":[{"start":{"line":16,"column":37},"end":{"line":34,"column":7}}]},"5":{"type":"branch","line":19,"loc":{"start":{"line":19,"column":41},"end":{"line":25,"column":9}},"locations":[{"start":{"line":19,"column":41},"end":{"line":25,"column":9}}]},"6":{"type":"branch","line":20,"loc":{"start":{"line":20,"column":42},"end":{"line":24,"column":11}},"locations":[{"start":{"line":20,"column":42},"end":{"line":24,"column":11}}]},"7":{"type":"branch","line":21,"loc":{"start":{"line":21,"column":47},"end":{"line":21,"column":55}},"locations":[{"start":{"line":21,"column":47},"end":{"line":21,"column":55}}]},"8":{"type":"branch","line":27,"loc":{"start":{"line":27,"column":6},"end":{"line":34,"column":7}},"locations":[{"start":{"line":27,"column":6},"end":{"line":34,"column":7}}]},"9":{"type":"branch","line":39,"loc":{"start":{"line":39,"column":31},"end":{"line":47,"column":5}},"locations":[{"start":{"line":39,"column":31},"end":{"line":47,"column":5}}]},"10":{"type":"branch","line":40,"loc":{"start":{"line":40,"column":39},"end":{"line":46,"column":7}},"locations":[{"start":{"line":40,"column":39},"end":{"line":46,"column":7}}]},"11":{"type":"branch","line":41,"loc":{"start":{"line":41,"column":40},"end":{"line":45,"column":9}},"locations":[{"start":{"line":41,"column":40},"end":{"line":45,"column":9}}]},"12":{"type":"branch","line":29,"loc":{"start":{"line":29,"column":42},"end":{"line":32,"column":9}},"locations":[{"start":{"line":29,"column":42},"end":{"line":32,"column":9}}]},"13":{"type":"branch","line":50,"loc":{"start":{"line":50,"column":2},"end":{"line":50,"column":59}},"locations":[{"start":{"line":50,"column":2},"end":{"line":50,"column":59}}]},"14":{"type":"branch","line":51,"loc":{"start":{"line":51,"column":2},"end":{"line":51,"column":85}},"locations":[{"start":{"line":51,"column":2},"end":{"line":51,"column":85}}]},"15":{"type":"branch","line":53,"loc":{"start":{"line":53,"column":2},"end":{"line":57,"column":3}},"locations":[{"start":{"line":53,"column":2},"end":{"line":57,"column":3}}]},"16":{"type":"branch","line":56,"loc":{"start":{"line":56,"column":27},"end":{"line":56,"column":44}},"locations":[{"start":{"line":56,"column":27},"end":{"line":56,"column":44}}]},"17":{"type":"branch","line":60,"loc":{"start":{"line":60,"column":2},"end":{"line":60,"column":79}},"locations":[{"start":{"line":60,"column":2},"end":{"line":60,"column":79}}]},"18":{"type":"branch","line":66,"loc":{"start":{"line":66,"column":2},"end":{"line":88,"column":3}},"locations":[{"start":{"line":66,"column":2},"end":{"line":88,"column":3}}]},"19":{"type":"branch","line":68,"loc":{"start":{"line":68,"column":41},"end":{"line":76,"column":37}},"locations":[{"start":{"line":68,"column":41},"end":{"line":76,"column":37}}]},"20":{"type":"branch","line":68,"loc":{"start":{"line":68,"column":41},"end":{"line":70,"column":5}},"locations":[{"start":{"line":68,"column":41},"end":{"line":70,"column":5}}]},"21":{"type":"branch","line":76,"loc":{"start":{"line":76,"column":37},"end":{"line":83,"column":5}},"locations":[{"start":{"line":76,"column":37},"end":{"line":83,"column":5}}]},"22":{"type":"branch","line":77,"loc":{"start":{"line":77,"column":39},"end":{"line":82,"column":7}},"locations":[{"start":{"line":77,"column":39},"end":{"line":82,"column":7}}]},"23":{"type":"branch","line":78,"loc":{"start":{"line":78,"column":19},"end":{"line":78,"column":34}},"locations":[{"start":{"line":78,"column":19},"end":{"line":78,"column":34}}]},"24":{"type":"branch","line":78,"loc":{"start":{"line":78,"column":34},"end":{"line":78,"column":69}},"locations":[{"start":{"line":78,"column":34},"end":{"line":78,"column":69}}]},"25":{"type":"branch","line":78,"loc":{"start":{"line":78,"column":34},"end":{"line":81,"column":47}},"locations":[{"start":{"line":78,"column":34},"end":{"line":81,"column":47}}]},"26":{"type":"branch","line":83,"loc":{"start":{"line":83,"column":4},"end":{"line":87,"column":21}},"locations":[{"start":{"line":83,"column":4},"end":{"line":87,"column":21}}]}},"b":{"0":[23],"1":[23],"2":[19],"3":[3],"4":[2],"5":[7],"6":[29],"7":[1],"8":[1],"9":[20],"10":[92],"11":[436],"12":[81],"13":[2],"14":[99],"15":[2],"16":[0],"17":[76],"18":[3],"19":[2],"20":[1],"21":[6],"22":[18],"23":[6],"24":[2],"25":[16],"26":[2]},"fnMap":{"0":{"name":"<instance_members_initializer>","decl":{"start":{"line":5,"column":18},"end":{"line":8,"column":59}},"loc":{"start":{"line":5,"column":18},"end":{"line":8,"column":59}},"line":5},"1":{"name":"Board","decl":{"start":{"line":10,"column":2},"end":{"line":48,"column":3}},"loc":{"start":{"line":10,"column":2},"end":{"line":48,"column":3}},"line":10},"2":{"name":"allSquares","decl":{"start":{"line":50,"column":2},"end":{"line":50,"column":59}},"loc":{"start":{"line":50,"column":2},"end":{"line":50,"column":59}},"line":50},"3":{"name":"get","decl":{"start":{"line":51,"column":2},"end":{"line":51,"column":85}},"loc":{"start":{"line":51,"column":2},"end":{"line":51,"column":85}},"line":51},"4":{"name":"isPassable","decl":{"start":{"line":53,"column":2},"end":{"line":57,"column":3}},"loc":{"start":{"line":53,"column":2},"end":{"line":57,"column":3}},"line":53},"5":{"name":"getSquare","decl":{"start":{"line":60,"column":2},"end":{"line":60,"column":79}},"loc":{"start":{"line":60,"column":2},"end":{"line":60,"column":79}},"line":60},"6":{"name":"adjacentsOf","decl":{"start":{"line":66,"column":2},"end":{"line":88,"column":3}},"loc":{"start":{"line":66,"column":2},"end":{"line":88,"column":3}},"line":66}},"f":{"0":23,"1":23,"2":2,"3":99,"4":2,"5":76,"6":3}}
,"/Users/harry/Code/sulk/sulkweb/packages/engine/src/board/Section.ts": {"path":"/Users/harry/Code/sulk/sulkweb/packages/engine/src/board/Section.ts","all":true,"statementMap":{},"s":{},"branchMap":{"0":{"type":"branch","line":1,"loc":{"start":{"line":1,"column":298},"end":{"line":16,"column":1}},"locations":[{"start":{"line":1,"column":298},"end":{"line":16,"column":1}}]}},"b":{"0":[1]},"fnMap":{"0":{"name":"(empty-report)","decl":{"start":{"line":1,"column":298},"end":{"line":16,"column":1}},"loc":{"start":{"line":1,"column":298},"end":{"line":16,"column":1}},"line":1}},"f":{"0":1}}
,"/Users/harry/Code/sulk/sulkweb/packages/engine/src/board/Square.ts": {"path":"/Users/harry/Code/sulk/sulkweb/packages/engine/src/board/Square.ts","all":false,"statementMap":{"2":{"start":{"line":3,"column":0},"end":{"line":3,"column":21}},"3":{"start":{"line":4,"column":0},"end":{"line":4,"column":41}},"4":{"start":{"line":5,"column":0},"end":{"line":5,"column":48}},"5":{"start":{"line":6,"column":0},"end":{"line":6,"column":41}},"6":{"start":{"line":7,"column":0},"end":{"line":7,"column":34}},"8":{"start":{"line":9,"column":0},"end":{"line":9,"column":14}},"9":{"start":{"line":10,"column":0},"end":{"line":10,"column":30}},"10":{"start":{"line":11,"column":0},"end":{"line":11,"column":30}},"11":{"start":{"line":12,"column":0},"end":{"line":12,"column":59}},"12":{"start":{"line":13,"column":0},"end":{"line":13,"column":5}},"13":{"start":{"line":14,"column":0},"end":{"line":14,"column":23}},"15":{"start":{"line":16,"column":0},"end":{"line":16,"column":35}},"16":{"start":{"line":17,"column":0},"end":{"line":17,"column":28}},"19":{"start":{"line":20,"column":0},"end":{"line":20,"column":5}},"20":{"start":{"line":21,"column":0},"end":{"line":21,"column":3}},"25":{"start":{"line":26,"column":0},"end":{"line":26,"column":35}},"26":{"start":{"line":27,"column":0},"end":{"line":27,"column":41}},"27":{"start":{"line":28,"column":0},"end":{"line":28,"column":41}},"28":{"start":{"line":29,"column":0},"end":{"line":29,"column":27}},"29":{"start":{"line":30,"column":0},"end":{"line":30,"column":3}},"34":{"start":{"line":35,"column":0},"end":{"line":35,"column":38}},"35":{"start":{"line":36,"column":0},"end":{"line":36,"column":54}},"36":{"start":{"line":37,"column":0},"end":{"line":37,"column":3}},"44":{"start":{"line":45,"column":0},"end":{"line":45,"column":36}},"45":{"start":{"line":46,"column":0},"end":{"line":46,"column":61}},"47":{"start":{"line":48,"column":0},"end":{"line":48,"column":20}},"48":{"start":{"line":49,"column":0},"end":{"line":49,"column":40}},"49":{"start":{"line":50,"column":0},"end":{"line":50,"column":40}},"50":{"start":{"line":51,"column":0},"end":{"line":51,"column":40}},"51":{"start":{"line":52,"column":0},"end":{"line":52,"column":40}},"53":{"start":{"line":54,"column":0},"end":{"line":54,"column":18}},"54":{"start":{"line":55,"column":0},"end":{"line":55,"column":3}},"55":{"start":{"line":56,"column":0},"end":{"line":56,"column":1}}},"s":{"2":1,"3":1,"4":1,"5":1,"6":1,"8":1,"9":559,"10":559,"11":559,"12":559,"13":559,"15":559,"16":42,"19":42,"20":559,"25":1,"26":61,"27":61,"28":61,"29":61,"34":1,"35":39,"36":39,"44":1,"45":20,"47":19,"48":20,"49":20,"50":20,"51":20,"53":19,"54":20,"55":1},"branchMap":{"0":{"type":"branch","line":9,"loc":{"start":{"line":9,"column":2},"end":{"line":21,"column":3}},"locations":[{"start":{"line":9,"column":2},"end":{"line":21,"column":3}}]},"1":{"type":"branch","line":16,"loc":{"start":{"line":16,"column":34},"end":{"line":20,"column":5}},"locations":[{"start":{"line":16,"column":34},"end":{"line":20,"column":5}}]},"2":{"type":"branch","line":26,"loc":{"start":{"line":26,"column":2},"end":{"line":30,"column":3}},"locations":[{"start":{"line":26,"column":2},"end":{"line":30,"column":3}}]},"3":{"type":"branch","line":35,"loc":{"start":{"line":35,"column":2},"end":{"line":37,"column":3}},"locations":[{"start":{"line":35,"column":2},"end":{"line":37,"column":3}}]},"4":{"type":"branch","line":36,"loc":{"start":{"line":36,"column":35},"end":{"line":36,"column":54}},"locations":[{"start":{"line":36,"column":35},"end":{"line":36,"column":54}}]},"5":{"type":"branch","line":45,"loc":{"start":{"line":45,"column":2},"end":{"line":55,"column":3}},"locations":[{"start":{"line":45,"column":2},"end":{"line":55,"column":3}}]},"6":{"type":"branch","line":46,"loc":{"start":{"line":46,"column":52},"end":{"line":46,"column":61}},"locations":[{"start":{"line":46,"column":52},"end":{"line":46,"column":61}}]},"7":{"type":"branch","line":46,"loc":{"start":{"line":46,"column":59},"end":{"line":49,"column":37}},"locations":[{"start":{"line":46,"column":59},"end":{"line":49,"column":37}}]},"8":{"type":"branch","line":49,"loc":{"start":{"line":49,"column":26},"end":{"line":49,"column":40}},"locations":[{"start":{"line":49,"column":26},"end":{"line":49,"column":40}}]},"9":{"type":"branch","line":49,"loc":{"start":{"line":49,"column":37},"end":{"line":50,"column":37}},"locations":[{"start":{"line":49,"column":37},"end":{"line":50,"column":37}}]},"10":{"type":"branch","line":50,"loc":{"start":{"line":50,"column":26},"end":{"line":50,"column":40}},"locations":[{"start":{"line":50,"column":26},"end":{"line":50,"column":40}}]},"11":{"type":"branch","line":50,"loc":{"start":{"line":50,"column":37},"end":{"line":51,"column":37}},"locations":[{"start":{"line":50,"column":37},"end":{"line":51,"column":37}}]},"12":{"type":"branch","line":51,"loc":{"start":{"line":51,"column":26},"end":{"line":51,"column":40}},"locations":[{"start":{"line":51,"column":26},"end":{"line":51,"column":40}}]},"13":{"type":"branch","line":51,"loc":{"start":{"line":51,"column":37},"end":{"line":52,"column":37}},"locations":[{"start":{"line":51,"column":37},"end":{"line":52,"column":37}}]},"14":{"type":"branch","line":52,"loc":{"start":{"line":52,"column":26},"end":{"line":52,"column":40}},"locations":[{"start":{"line":52,"column":26},"end":{"line":52,"column":40}}]},"15":{"type":"branch","line":52,"loc":{"start":{"line":52,"column":37},"end":{"line":54,"column":18}},"locations":[{"start":{"line":52,"column":37},"end":{"line":54,"column":18}}]}},"b":{"0":[559],"1":[42],"2":[61],"3":[39],"4":[21],"5":[20],"6":[1],"7":[19],"8":[13],"9":[19],"10":[3],"11":[19],"12":[3],"13":[19],"14":[5],"15":[19]},"fnMap":{"0":{"name":"Square","decl":{"start":{"line":9,"column":2},"end":{"line":21,"column":3}},"loc":{"start":{"line":9,"column":2},"end":{"line":21,"column":3}},"line":9},"1":{"name":"distance","decl":{"start":{"line":26,"column":2},"end":{"line":30,"column":3}},"loc":{"start":{"line":26,"column":2},"end":{"line":30,"column":3}},"line":26},"2":{"name":"isAdjacent","decl":{"start":{"line":35,"column":2},"end":{"line":37,"column":3}},"loc":{"start":{"line":35,"column":2},"end":{"line":37,"column":3}},"line":35},"3":{"name":"headingTo","decl":{"start":{"line":45,"column":2},"end":{"line":55,"column":3}},"loc":{"start":{"line":45,"column":2},"end":{"line":55,"column":3}},"line":45}},"f":{"0":559,"1":61,"2":39,"3":20}}
,"/Users/harry/Code/sulk/sulkweb/packages/engine/src/board/los.ts": {"path":"/Users/harry/Code/sulk/sulkweb/packages/engine/src/board/los.ts","all":false,"statementMap":{"21":{"start":{"line":22,"column":0},"end":{"line":22,"column":77}},"22":{"start":{"line":23,"column":0},"end":{"line":23,"column":27}},"23":{"start":{"line":24,"column":0},"end":{"line":24,"column":27}},"25":{"start":{"line":26,"column":0},"end":{"line":26,"column":31}},"26":{"start":{"line":27,"column":0},"end":{"line":27,"column":16}},"27":{"start":{"line":28,"column":0},"end":{"line":28,"column":3}},"29":{"start":{"line":30,"column":0},"end":{"line":30,"column":21}},"30":{"start":{"line":31,"column":0},"end":{"line":31,"column":21}},"31":{"start":{"line":32,"column":0},"end":{"line":32,"column":40}},"33":{"start":{"line":34,"column":0},"end":{"line":34,"column":74}},"35":{"start":{"line":36,"column":0},"end":{"line":36,"column":18}},"37":{"start":{"line":38,"column":0},"end":{"line":38,"column":55}},"38":{"start":{"line":39,"column":0},"end":{"line":39,"column":38}},"39":{"start":{"line":40,"column":0},"end":{"line":40,"column":26}},"40":{"start":{"line":41,"column":0},"end":{"line":41,"column":40}},"41":{"start":{"line":42,"column":0},"end":{"line":42,"column":40}},"46":{"start":{"line":47,"column":0},"end":{"line":47,"column":5}},"47":{"start":{"line":48,"column":0},"end":{"line":48,"column":10}},"49":{"start":{"line":50,"column":0},"end":{"line":50,"column":22}},"50":{"start":{"line":51,"column":0},"end":{"line":51,"column":22}},"51":{"start":{"line":52,"column":0},"end":{"line":52,"column":29}},"52":{"start":{"line":53,"column":0},"end":{"line":53,"column":29}},"54":{"start":{"line":55,"column":0},"end":{"line":55,"column":18}},"55":{"start":{"line":56,"column":0},"end":{"line":56,"column":40}},"56":{"start":{"line":57,"column":0},"end":{"line":57,"column":52}},"57":{"start":{"line":58,"column":0},"end":{"line":58,"column":35}},"58":{"start":{"line":59,"column":0},"end":{"line":59,"column":35}},"59":{"start":{"line":60,"column":0},"end":{"line":60,"column":5}},"60":{"start":{"line":61,"column":0},"end":{"line":61,"column":3}},"63":{"start":{"line":64,"column":0},"end":{"line":64,"column":49}},"65":{"start":{"line":66,"column":0},"end":{"line":66,"column":44}},"66":{"start":{"line":67,"column":0},"end":{"line":67,"column":41}},"67":{"start":{"line":68,"column":0},"end":{"line":68,"column":17}},"68":{"start":{"line":69,"column":0},"end":{"line":69,"column":46}},"69":{"start":{"line":70,"column":0},"end":{"line":70,"column":34}},"70":{"start":{"line":71,"column":0},"end":{"line":71,"column":23}},"71":{"start":{"line":72,"column":0},"end":{"line":72,"column":9}},"72":{"start":{"line":73,"column":0},"end":{"line":73,"column":7}},"73":{"start":{"line":74,"column":0},"end":{"line":74,"column":5}},"74":{"start":{"line":75,"column":0},"end":{"line":75,"column":3}},"76":{"start":{"line":77,"column":0},"end":{"line":77,"column":14}},"77":{"start":{"line":78,"column":0},"end":{"line":78,"column":1}}},"s":{"21":1,"22":9,"23":9,"25":9,"26":1,"27":1,"29":8,"30":8,"31":8,"33":9,"35":9,"37":2,"38":2,"39":10,"40":10,"41":10,"46":10,"47":9,"49":6,"50":6,"51":6,"52":6,"54":6,"55":22,"56":22,"57":22,"58":22,"59":22,"60":6,"63":8,"65":9,"66":15,"67":15,"68":15,"69":3,"70":3,"71":3,"72":3,"73":12,"74":15,"76":5,"77":5},"branchMap":{"0":{"type":"branch","line":22,"loc":{"start":{"line":22,"column":7},"end":{"line":78,"column":1}},"locations":[{"start":{"line":22,"column":7},"end":{"line":78,"column":1}}]},"1":{"type":"branch","line":26,"loc":{"start":{"line":26,"column":13},"end":{"line":26,"column":30}},"locations":[{"start":{"line":26,"column":13},"end":{"line":26,"column":30}}]},"2":{"type":"branch","line":26,"loc":{"start":{"line":26,"column":30},"end":{"line":28,"column":3}},"locations":[{"start":{"line":26,"column":30},"end":{"line":28,"column":3}}]},"3":{"type":"branch","line":28,"loc":{"start":{"line":28,"column":2},"end":{"line":34,"column":32}},"locations":[{"start":{"line":28,"column":2},"end":{"line":34,"column":32}}]},"4":{"type":"branch","line":34,"loc":{"start":{"line":34,"column":27},"end":{"line":34,"column":44}},"locations":[{"start":{"line":34,"column":27},"end":{"line":34,"column":44}}]},"5":{"type":"branch","line":34,"loc":{"start":{"line":34,"column":39},"end":{"line":34,"column":74}},"locations":[{"start":{"line":34,"column":39},"end":{"line":34,"column":74}}]},"6":{"type":"branch","line":36,"loc":{"start":{"line":36,"column":17},"end":{"line":48,"column":9}},"locations":[{"start":{"line":36,"column":17},"end":{"line":48,"column":9}}]},"7":{"type":"branch","line":39,"loc":{"start":{"line":39,"column":37},"end":{"line":47,"column":5}},"locations":[{"start":{"line":39,"column":37},"end":{"line":47,"column":5}}]},"8":{"type":"branch","line":44,"loc":{"start":{"line":44,"column":28},"end":{"line":44,"column":71}},"locations":[{"start":{"line":44,"column":28},"end":{"line":44,"column":71}}]},"9":{"type":"branch","line":44,"loc":{"start":{"line":44,"column":66},"end":{"line":44,"column":107}},"locations":[{"start":{"line":44,"column":66},"end":{"line":44,"column":107}}]},"10":{"type":"branch","line":48,"loc":{"start":{"line":48,"column":2},"end":{"line":61,"column":3}},"locations":[{"start":{"line":48,"column":2},"end":{"line":61,"column":3}}]},"11":{"type":"branch","line":55,"loc":{"start":{"line":55,"column":17},"end":{"line":60,"column":5}},"locations":[{"start":{"line":55,"column":17},"end":{"line":60,"column":5}}]},"12":{"type":"branch","line":57,"loc":{"start":{"line":57,"column":23},"end":{"line":57,"column":46}},"locations":[{"start":{"line":57,"column":23},"end":{"line":57,"column":46}}]},"13":{"type":"branch","line":57,"loc":{"start":{"line":57,"column":46},"end":{"line":57,"column":52}},"locations":[{"start":{"line":57,"column":46},"end":{"line":57,"column":52}}]},"14":{"type":"branch","line":57,"loc":{"start":{"line":57,"column":46},"end":{"line":58,"column":32}},"locations":[{"start":{"line":57,"column":46},"end":{"line":58,"column":32}}]},"15":{"type":"branch","line":58,"loc":{"start":{"line":58,"column":20},"end":{"line":58,"column":35}},"locations":[{"start":{"line":58,"column":20},"end":{"line":58,"column":35}}]},"16":{"type":"branch","line":58,"loc":{"start":{"line":58,"column":32},"end":{"line":59,"column":32}},"locations":[{"start":{"line":58,"column":32},"end":{"line":59,"column":32}}]},"17":{"type":"branch","line":59,"loc":{"start":{"line":59,"column":20},"end":{"line":59,"column":35}},"locations":[{"start":{"line":59,"column":20},"end":{"line":59,"column":35}}]},"18":{"type":"branch","line":61,"loc":{"start":{"line":61,"column":2},"end":{"line":66,"column":43}},"locations":[{"start":{"line":61,"column":2},"end":{"line":66,"column":43}}]},"19":{"type":"branch","line":66,"loc":{"start":{"line":66,"column":43},"end":{"line":75,"column":3}},"locations":[{"start":{"line":66,"column":43},"end":{"line":75,"column":3}}]},"20":{"type":"branch","line":69,"loc":{"start":{"line":69,"column":45},"end":{"line":73,"column":7}},"locations":[{"start":{"line":69,"column":45},"end":{"line":73,"column":7}}]},"21":{"type":"branch","line":73,"loc":{"start":{"line":73,"column":6},"end":{"line":74,"column":5}},"locations":[{"start":{"line":73,"column":6},"end":{"line":74,"column":5}}]},"22":{"type":"branch","line":75,"loc":{"start":{"line":75,"column":2},"end":{"line":78,"column":1}},"locations":[{"start":{"line":75,"column":2},"end":{"line":78,"column":1}}]}},"b":{"0":[9],"1":[4],"2":[1],"3":[8],"4":[5],"5":[4],"6":[2],"7":[10],"8":[1],"9":[1],"10":[6],"11":[22],"12":[14],"13":[6],"14":[16],"15":[8],"16":[16],"17":[12],"18":[8],"19":[15],"20":[3],"21":[12],"22":[5]},"fnMap":{"0":{"name":"hasLineOfSight","decl":{"start":{"line":22,"column":7},"end":{"line":78,"column":1}},"loc":{"start":{"line":22,"column":7},"end":{"line":78,"column":1}},"line":22}},"f":{"0":9}}
,"/Users/harry/Code/sulk/sulkweb/packages/engine/src/core/CostTables.ts": {"path":"/Users/harry/Code/sulk/sulkweb/packages/engine/src/core/CostTables.ts","all":false,"statementMap":{"3":{"start":{"line":4,"column":0},"end":{"line":4,"column":50}},"4":{"start":{"line":5,"column":0},"end":{"line":5,"column":64}},"5":{"start":{"line":6,"column":0},"end":{"line":6,"column":65}},"6":{"start":{"line":7,"column":0},"end":{"line":7,"column":56}},"7":{"start":{"line":8,"column":0},"end":{"line":8,"column":2}},"10":{"start":{"line":11,"column":0},"end":{"line":11,"column":70}},"11":{"start":{"line":12,"column":0},"end":{"line":12,"column":10}},"12":{"start":{"line":13,"column":0},"end":{"line":13,"column":11}},"13":{"start":{"line":14,"column":0},"end":{"line":14,"column":10}},"14":{"start":{"line":15,"column":0},"end":{"line":15,"column":2}},"17":{"start":{"line":18,"column":0},"end":{"line":18,"column":29}}},"s":{"3":1,"4":1,"5":1,"6":1,"7":1,"10":1,"11":1,"12":1,"13":1,"14":1,"17":1},"branchMap":{},"b":{},"fnMap":{},"f":{}}
,"/Users/harry/Code/sulk/sulkweb/packages/engine/src/core/Direction.ts": {"path":"/Users/harry/Code/sulk/sulkweb/packages/engine/src/core/Direction.ts","all":false,"statementMap":{"1":{"start":{"line":2,"column":0},"end":{"line":2,"column":46}},"4":{"start":{"line":5,"column":0},"end":{"line":5,"column":65}},"5":{"start":{"line":6,"column":0},"end":{"line":6,"column":29}},"6":{"start":{"line":7,"column":0},"end":{"line":7,"column":28}},"7":{"start":{"line":8,"column":0},"end":{"line":8,"column":28}},"8":{"start":{"line":9,"column":0},"end":{"line":9,"column":28}},"9":{"start":{"line":10,"column":0},"end":{"line":10,"column":1}},"12":{"start":{"line":13,"column":0},"end":{"line":13,"column":59}},"13":{"start":{"line":14,"column":0},"end":{"line":14,"column":59}},"14":{"start":{"line":15,"column":0},"end":{"line":15,"column":1}}},"s":{"1":1,"4":1,"5":1,"6":1,"7":1,"8":1,"9":1,"12":1,"13":5,"14":5},"branchMap":{"0":{"type":"branch","line":2,"loc":{"start":{"line":2,"column":7},"end":{"line":2,"column":18}},"locations":[{"start":{"line":2,"column":7},"end":{"line":2,"column":18}}]},"1":{"type":"branch","line":13,"loc":{"start":{"line":13,"column":7},"end":{"line":15,"column":1}},"locations":[{"start":{"line":13,"column":7},"end":{"line":15,"column":1}}]},"2":{"type":"branch","line":14,"loc":{"start":{"line":14,"column":31},"end":{"line":14,"column":40}},"locations":[{"start":{"line":14,"column":31},"end":{"line":14,"column":40}}]},"3":{"type":"branch","line":14,"loc":{"start":{"line":14,"column":36},"end":{"line":14,"column":50}},"locations":[{"start":{"line":14,"column":36},"end":{"line":14,"column":50}}]}},"b":{"0":[2],"1":[5],"2":[4],"3":[1]},"fnMap":{"0":{"name":"turn","decl":{"start":{"line":13,"column":7},"end":{"line":15,"column":1}},"loc":{"start":{"line":13,"column":7},"end":{"line":15,"column":1}},"line":13}},"f":{"0":5}}
,"/Users/harry/Code/sulk/sulkweb/packages/engine/src/missions/index.ts": {"path":"/Users/harry/Code/sulk/sulkweb/packages/engine/src/missions/index.ts","all":false,"statementMap":{"0":{"start":{"line":1,"column":0},"end":{"line":1,"column":69}},"2":{"start":{"line":3,"column":0},"end":{"line":3,"column":25}},"3":{"start":{"line":4,"column":0},"end":{"line":4,"column":15}},"4":{"start":{"line":5,"column":0},"end":{"line":5,"column":2}}},"s":{"0":1,"2":1,"3":1,"4":1},"branchMap":{},"b":{},"fnMap":{},"f":{}}
,"/Users/harry/Code/sulk/sulkweb/packages/engine/src/missions/missionLoader.ts": {"path":"/Users/harry/Code/sulk/sulkweb/packages/engine/src/missions/missionLoader.ts","all":false,"statementMap":{"0":{"start":{"line":1,"column":0},"end":{"line":1,"column":38}},"2":{"start":{"line":3,"column":0},"end":{"line":3,"column":20}},"4":{"start":{"line":5,"column":0},"end":{"line":5,"column":56}},"6":{"start":{"line":7,"column":0},"end":{"line":7,"column":28}},"7":{"start":{"line":8,"column":0},"end":{"line":8,"column":23}},"8":{"start":{"line":9,"column":0},"end":{"line":9,"column":20}},"9":{"start":{"line":10,"column":0},"end":{"line":10,"column":54}},"11":{"start":{"line":12,"column":0},"end":{"line":12,"column":82}},"13":{"start":{"line":14,"column":0},"end":{"line":14,"column":10}},"14":{"start":{"line":15,"column":0},"end":{"line":15,"column":18}},"15":{"start":{"line":16,"column":0},"end":{"line":16,"column":55}},"16":{"start":{"line":17,"column":0},"end":{"line":17,"column":4}},"17":{"start":{"line":18,"column":0},"end":{"line":18,"column":1}},"19":{"start":{"line":20,"column":0},"end":{"line":20,"column":82}},"20":{"start":{"line":21,"column":0},"end":{"line":21,"column":38}},"21":{"start":{"line":22,"column":0},"end":{"line":22,"column":42}},"22":{"start":{"line":23,"column":0},"end":{"line":23,"column":3}},"24":{"start":{"line":25,"column":0},"end":{"line":25,"column":44}},"25":{"start":{"line":26,"column":0},"end":{"line":26,"column":21}},"26":{"start":{"line":27,"column":0},"end":{"line":27,"column":57}},"27":{"start":{"line":28,"column":0},"end":{"line":28,"column":3}},"29":{"start":{"line":30,"column":0},"end":{"line":30,"column":51}},"30":{"start":{"line":31,"column":0},"end":{"line":31,"column":42}},"32":{"start":{"line":33,"column":0},"end":{"line":33,"column":18}},"33":{"start":{"line":34,"column":0},"end":{"line":34,"column":1}},"40":{"start":{"line":41,"column":0},"end":{"line":41,"column":68}},"41":{"start":{"line":42,"column":0},"end":{"line":42,"column":7}},"43":{"start":{"line":44,"column":0},"end":{"line":44,"column":59}},"44":{"start":{"line":45,"column":0},"end":{"line":45,"column":48}},"45":{"start":{"line":46,"column":0},"end":{"line":46,"column":43}},"46":{"start":{"line":47,"column":0},"end":{"line":47,"column":19}},"49":{"start":{"line":50,"column":0},"end":{"line":50,"column":50}},"50":{"start":{"line":51,"column":0},"end":{"line":51,"column":26}},"51":{"start":{"line":52,"column":0},"end":{"line":52,"column":49}},"52":{"start":{"line":53,"column":0},"end":{"line":53,"column":5}},"53":{"start":{"line":54,"column":0},"end":{"line":54,"column":73}},"54":{"start":{"line":55,"column":0},"end":{"line":55,"column":3}},"55":{"start":{"line":56,"column":0},"end":{"line":56,"column":1}}},"s":{"0":1,"2":1,"4":1,"6":2,"7":2,"8":2,"9":2,"11":2,"13":1,"14":1,"15":1,"16":1,"17":1,"19":1,"20":0,"21":0,"22":0,"24":0,"25":0,"26":0,"27":0,"29":0,"30":0,"32":0,"33":0,"40":1,"41":1,"43":1,"44":1,"45":1,"46":1,"49":1,"50":1,"51":1,"52":1,"53":0,"54":0,"55":1},"branchMap":{"0":{"type":"branch","line":7,"loc":{"start":{"line":7,"column":0},"end":{"line":18,"column":1}},"locations":[{"start":{"line":7,"column":0},"end":{"line":18,"column":1}}]},"1":{"type":"branch","line":12,"loc":{"start":{"line":12,"column":18},"end":{"line":12,"column":35}},"locations":[{"start":{"line":12,"column":18},"end":{"line":12,"column":35}}]},"2":{"type":"branch","line":12,"loc":{"start":{"line":12,"column":35},"end":{"line":18,"column":1}},"locations":[{"start":{"line":12,"column":35},"end":{"line":18,"column":1}}]},"3":{"type":"branch","line":16,"loc":{"start":{"line":16,"column":36},"end":{"line":16,"column":53}},"locations":[{"start":{"line":16,"column":36},"end":{"line":16,"column":53}}]},"4":{"type":"branch","line":41,"loc":{"start":{"line":41,"column":7},"end":{"line":56,"column":1}},"locations":[{"start":{"line":41,"column":7},"end":{"line":56,"column":1}}]},"5":{"type":"branch","line":53,"loc":{"start":{"line":53,"column":4},"end":{"line":55,"column":3}},"locations":[{"start":{"line":53,"column":4},"end":{"line":55,"column":3}}]}},"b":{"0":[2],"1":[1],"2":[1],"3":[81],"4":[1],"5":[0]},"fnMap":{"0":{"name":"validateAndCompile","decl":{"start":{"line":7,"column":0},"end":{"line":18,"column":1}},"loc":{"start":{"line":7,"column":0},"end":{"line":18,"column":1}},"line":7},"1":{"name":"loadMission","decl":{"start":{"line":20,"column":7},"end":{"line":34,"column":1}},"loc":{"start":{"line":20,"column":7},"end":{"line":34,"column":1}},"line":20},"2":{"name":"loadMissionSync","decl":{"start":{"line":41,"column":7},"end":{"line":56,"column":1}},"loc":{"start":{"line":41,"column":7},"end":{"line":56,"column":1}},"line":41}},"f":{"0":2,"1":0,"2":1}}
,"/Users/harry/Code/sulk/sulkweb/packages/engine/src/missions/missionTypes.ts": {"path":"/Users/harry/Code/sulk/sulkweb/packages/engine/src/missions/missionTypes.ts","all":false,"statementMap":{},"s":{},"branchMap":{},"b":{},"fnMap":{},"f":{}}
,"/Users/harry/Code/sulk/sulkweb/packages/engine/src/phases/ClockAndCP.ts": {"path":"/Users/harry/Code/sulk/sulkweb/packages/engine/src/phases/ClockAndCP.ts","all":false,"statementMap":{"0":{"start":{"line":1,"column":0},"end":{"line":1,"column":35}},"2":{"start":{"line":3,"column":0},"end":{"line":3,"column":49}},"4":{"start":{"line":5,"column":0},"end":{"line":5,"column":39}},"5":{"start":{"line":6,"column":0},"end":{"line":6,"column":31}},"7":{"start":{"line":8,"column":0},"end":{"line":8,"column":19}},"9":{"start":{"line":10,"column":0},"end":{"line":10,"column":3}},"11":{"start":{"line":12,"column":0},"end":{"line":12,"column":32}},"12":{"start":{"line":13,"column":0},"end":{"line":13,"column":30}},"13":{"start":{"line":14,"column":0},"end":{"line":14,"column":3}},"14":{"start":{"line":15,"column":0},"end":{"line":15,"column":1}}},"s":{"0":1,"2":1,"4":1,"5":1,"7":1,"9":7,"11":1,"12":4,"13":4,"14":1},"branchMap":{"0":{"type":"branch","line":6,"loc":{"start":{"line":6,"column":11},"end":{"line":6,"column":31}},"locations":[{"start":{"line":6,"column":11},"end":{"line":6,"column":31}}]},"1":{"type":"branch","line":8,"loc":{"start":{"line":8,"column":2},"end":{"line":10,"column":3}},"locations":[{"start":{"line":8,"column":2},"end":{"line":10,"column":3}}]},"2":{"type":"branch","line":12,"loc":{"start":{"line":12,"column":2},"end":{"line":14,"column":3}},"locations":[{"start":{"line":12,"column":2},"end":{"line":14,"column":3}}]}},"b":{"0":[7],"1":[7],"2":[4]},"fnMap":{"0":{"name":"<instance_members_initializer>","decl":{"start":{"line":6,"column":11},"end":{"line":6,"column":31}},"loc":{"start":{"line":6,"column":11},"end":{"line":6,"column":31}},"line":6},"1":{"name":"onEnter","decl":{"start":{"line":8,"column":2},"end":{"line":10,"column":3}},"loc":{"start":{"line":8,"column":2},"end":{"line":10,"column":3}},"line":8},"2":{"name":"next","decl":{"start":{"line":12,"column":2},"end":{"line":14,"column":3}},"loc":{"start":{"line":12,"column":2},"end":{"line":14,"column":3}},"line":12}},"f":{"0":7,"1":7,"2":4}}
,"/Users/harry/Code/sulk/sulkweb/packages/engine/src/phases/EndPhase.ts": {"path":"/Users/harry/Code/sulk/sulkweb/packages/engine/src/phases/EndPhase.ts","all":false,"statementMap":{"0":{"start":{"line":1,"column":0},"end":{"line":1,"column":35}},"2":{"start":{"line":3,"column":0},"end":{"line":3,"column":45}},"4":{"start":{"line":5,"column":0},"end":{"line":5,"column":37}},"5":{"start":{"line":6,"column":0},"end":{"line":6,"column":29}},"7":{"start":{"line":8,"column":0},"end":{"line":8,"column":20}},"9":{"start":{"line":10,"column":0},"end":{"line":10,"column":31}},"10":{"start":{"line":11,"column":0},"end":{"line":11,"column":21}},"11":{"start":{"line":12,"column":0},"end":{"line":12,"column":28}},"12":{"start":{"line":13,"column":0},"end":{"line":13,"column":3}},"13":{"start":{"line":14,"column":0},"end":{"line":14,"column":1}}},"s":{"0":1,"2":1,"4":1,"5":1,"7":1,"9":1,"10":4,"11":4,"12":4,"13":1},"branchMap":{"0":{"type":"branch","line":6,"loc":{"start":{"line":6,"column":11},"end":{"line":6,"column":29}},"locations":[{"start":{"line":6,"column":11},"end":{"line":6,"column":29}}]},"1":{"type":"branch","line":8,"loc":{"start":{"line":8,"column":2},"end":{"line":8,"column":20}},"locations":[{"start":{"line":8,"column":2},"end":{"line":8,"column":20}}]},"2":{"type":"branch","line":10,"loc":{"start":{"line":10,"column":2},"end":{"line":13,"column":3}},"locations":[{"start":{"line":10,"column":2},"end":{"line":13,"column":3}}]}},"b":{"0":[4],"1":[4],"2":[4]},"fnMap":{"0":{"name":"<instance_members_initializer>","decl":{"start":{"line":6,"column":11},"end":{"line":6,"column":29}},"loc":{"start":{"line":6,"column":11},"end":{"line":6,"column":29}},"line":6},"1":{"name":"onEnter","decl":{"start":{"line":8,"column":2},"end":{"line":8,"column":20}},"loc":{"start":{"line":8,"column":2},"end":{"line":8,"column":20}},"line":8},"2":{"name":"next","decl":{"start":{"line":10,"column":2},"end":{"line":13,"column":3}},"loc":{"start":{"line":10,"column":2},"end":{"line":13,"column":3}},"line":10}},"f":{"0":4,"1":4,"2":4}}
,"/Users/harry/Code/sulk/sulkweb/packages/engine/src/phases/MarineAction.ts": {"path":"/Users/harry/Code/sulk/sulkweb/packages/engine/src/phases/MarineAction.ts","all":false,"statementMap":{"0":{"start":{"line":1,"column":0},"end":{"line":1,"column":35}},"2":{"start":{"line":3,"column":0},"end":{"line":3,"column":51}},"4":{"start":{"line":5,"column":0},"end":{"line":5,"column":41}},"5":{"start":{"line":6,"column":0},"end":{"line":6,"column":33}},"7":{"start":{"line":8,"column":0},"end":{"line":8,"column":20}},"9":{"start":{"line":10,"column":0},"end":{"line":10,"column":32}},"10":{"start":{"line":11,"column":0},"end":{"line":11,"column":31}},"11":{"start":{"line":12,"column":0},"end":{"line":12,"column":3}},"12":{"start":{"line":13,"column":0},"end":{"line":13,"column":1}}},"s":{"0":1,"2":1,"4":1,"5":1,"7":1,"9":1,"10":4,"11":4,"12":1},"branchMap":{"0":{"type":"branch","line":6,"loc":{"start":{"line":6,"column":11},"end":{"line":6,"column":33}},"locations":[{"start":{"line":6,"column":11},"end":{"line":6,"column":33}}]},"1":{"type":"branch","line":8,"loc":{"start":{"line":8,"column":2},"end":{"line":8,"column":20}},"locations":[{"start":{"line":8,"column":2},"end":{"line":8,"column":20}}]},"2":{"type":"branch","line":10,"loc":{"start":{"line":10,"column":2},"end":{"line":12,"column":3}},"locations":[{"start":{"line":10,"column":2},"end":{"line":12,"column":3}}]}},"b":{"0":[4],"1":[4],"2":[4]},"fnMap":{"0":{"name":"<instance_members_initializer>","decl":{"start":{"line":6,"column":11},"end":{"line":6,"column":33}},"loc":{"start":{"line":6,"column":11},"end":{"line":6,"column":33}},"line":6},"1":{"name":"onEnter","decl":{"start":{"line":8,"column":2},"end":{"line":8,"column":20}},"loc":{"start":{"line":8,"column":2},"end":{"line":8,"column":20}},"line":8},"2":{"name":"next","decl":{"start":{"line":10,"column":2},"end":{"line":12,"column":3}},"loc":{"start":{"line":10,"column":2},"end":{"line":12,"column":3}},"line":10}},"f":{"0":4,"1":4,"2":4}}
,"/Users/harry/Code/sulk/sulkweb/packages/engine/src/phases/Phase.ts": {"path":"/Users/harry/Code/sulk/sulkweb/packages/engine/src/phases/Phase.ts","all":false,"statementMap":{"6":{"start":{"line":7,"column":0},"end":{"line":7,"column":29}},"11":{"start":{"line":12,"column":0},"end":{"line":12,"column":20}},"18":{"start":{"line":19,"column":0},"end":{"line":19,"column":1}}},"s":{"6":1,"11":1,"18":1},"branchMap":{},"b":{},"fnMap":{"0":{"name":"onEnter","decl":{"start":{"line":12,"column":2},"end":{"line":12,"column":20}},"loc":{"start":{"line":12,"column":2},"end":{"line":12,"column":20}},"line":12}},"f":{"0":0}}
,"/Users/harry/Code/sulk/sulkweb/packages/engine/src/phases/StealerAction.ts": {"path":"/Users/harry/Code/sulk/sulkweb/packages/engine/src/phases/StealerAction.ts","all":false,"statementMap":{"0":{"start":{"line":1,"column":0},"end":{"line":1,"column":35}},"2":{"start":{"line":3,"column":0},"end":{"line":3,"column":41}},"4":{"start":{"line":5,"column":0},"end":{"line":5,"column":42}},"5":{"start":{"line":6,"column":0},"end":{"line":6,"column":34}},"7":{"start":{"line":8,"column":0},"end":{"line":8,"column":20}},"9":{"start":{"line":10,"column":0},"end":{"line":10,"column":32}},"10":{"start":{"line":11,"column":0},"end":{"line":11,"column":26}},"11":{"start":{"line":12,"column":0},"end":{"line":12,"column":3}},"12":{"start":{"line":13,"column":0},"end":{"line":13,"column":1}}},"s":{"0":1,"2":1,"4":1,"5":1,"7":1,"9":1,"10":4,"11":4,"12":1},"branchMap":{"0":{"type":"branch","line":6,"loc":{"start":{"line":6,"column":11},"end":{"line":6,"column":34}},"locations":[{"start":{"line":6,"column":11},"end":{"line":6,"column":34}}]},"1":{"type":"branch","line":8,"loc":{"start":{"line":8,"column":2},"end":{"line":8,"column":20}},"locations":[{"start":{"line":8,"column":2},"end":{"line":8,"column":20}}]},"2":{"type":"branch","line":10,"loc":{"start":{"line":10,"column":2},"end":{"line":12,"column":3}},"locations":[{"start":{"line":10,"column":2},"end":{"line":12,"column":3}}]}},"b":{"0":[4],"1":[4],"2":[4]},"fnMap":{"0":{"name":"<instance_members_initializer>","decl":{"start":{"line":6,"column":11},"end":{"line":6,"column":34}},"loc":{"start":{"line":6,"column":11},"end":{"line":6,"column":34}},"line":6},"1":{"name":"onEnter","decl":{"start":{"line":8,"column":2},"end":{"line":8,"column":20}},"loc":{"start":{"line":8,"column":2},"end":{"line":8,"column":20}},"line":8},"2":{"name":"next","decl":{"start":{"line":10,"column":2},"end":{"line":12,"column":3}},"loc":{"start":{"line":10,"column":2},"end":{"line":12,"column":3}},"line":10}},"f":{"0":4,"1":4,"2":4}}
,"/Users/harry/Code/sulk/sulkweb/packages/engine/src/pieces/Piece.ts": {"path":"/Users/harry/Code/sulk/sulkweb/packages/engine/src/pieces/Piece.ts","all":false,"statementMap":{"1":{"start":{"line":2,"column":0},"end":{"line":2,"column":58}},"2":{"start":{"line":3,"column":0},"end":{"line":3,"column":74}},"6":{"start":{"line":7,"column":0},"end":{"line":7,"column":29}},"7":{"start":{"line":8,"column":0},"end":{"line":8,"column":24}},"8":{"start":{"line":9,"column":0},"end":{"line":9,"column":13}},"9":{"start":{"line":10,"column":0},"end":{"line":10,"column":14}},"10":{"start":{"line":11,"column":0},"end":{"line":11,"column":27}},"12":{"start":{"line":13,"column":0},"end":{"line":13,"column":66}},"13":{"start":{"line":14,"column":0},"end":{"line":14,"column":23}},"14":{"start":{"line":15,"column":0},"end":{"line":15,"column":21}},"15":{"start":{"line":16,"column":0},"end":{"line":16,"column":25}},"16":{"start":{"line":17,"column":0},"end":{"line":17,"column":3}},"20":{"start":{"line":21,"column":0},"end":{"line":21,"column":44}},"21":{"start":{"line":22,"column":0},"end":{"line":22,"column":42}},"22":{"start":{"line":23,"column":0},"end":{"line":23,"column":59}},"32":{"start":{"line":33,"column":0},"end":{"line":33,"column":60}},"33":{"start":{"line":34,"column":0},"end":{"line":34,"column":51}},"35":{"start":{"line":36,"column":0},"end":{"line":36,"column":20}},"36":{"start":{"line":37,"column":0},"end":{"line":37,"column":20}},"37":{"start":{"line":38,"column":0},"end":{"line":38,"column":16}},"38":{"start":{"line":39,"column":0},"end":{"line":39,"column":3}},"41":{"start":{"line":42,"column":0},"end":{"line":42,"column":39}},"42":{"start":{"line":43,"column":0},"end":{"line":43,"column":72}},"43":{"start":{"line":44,"column":0},"end":{"line":44,"column":32}},"44":{"start":{"line":45,"column":0},"end":{"line":45,"column":37}},"45":{"start":{"line":46,"column":0},"end":{"line":46,"column":43}},"46":{"start":{"line":47,"column":0},"end":{"line":47,"column":20}},"47":{"start":{"line":48,"column":0},"end":{"line":48,"column":16}},"48":{"start":{"line":49,"column":0},"end":{"line":49,"column":3}},"51":{"start":{"line":52,"column":0},"end":{"line":52,"column":70}},"52":{"start":{"line":53,"column":0},"end":{"line":53,"column":79}},"54":{"start":{"line":55,"column":0},"end":{"line":55,"column":38}},"55":{"start":{"line":56,"column":0},"end":{"line":56,"column":1}},"58":{"start":{"line":59,"column":0},"end":{"line":59,"column":47}},"59":{"start":{"line":60,"column":0},"end":{"line":60,"column":23}},"60":{"start":{"line":61,"column":0},"end":{"line":61,"column":22}},"61":{"start":{"line":62,"column":0},"end":{"line":62,"column":1}}},"s":{"1":1,"2":1,"6":1,"7":1,"8":4,"9":4,"10":4,"12":1,"13":4,"14":4,"15":4,"16":4,"20":1,"21":3,"22":3,"32":2,"33":3,"35":1,"36":1,"37":1,"38":3,"41":1,"42":6,"43":6,"44":6,"45":5,"46":5,"47":5,"48":6,"51":1,"52":1,"54":1,"55":1,"58":3,"59":3,"60":3,"61":3},"branchMap":{"0":{"type":"branch","line":8,"loc":{"start":{"line":8,"column":11},"end":{"line":11,"column":27}},"locations":[{"start":{"line":8,"column":11},"end":{"line":11,"column":27}}]},"1":{"type":"branch","line":13,"loc":{"start":{"line":13,"column":12},"end":{"line":17,"column":3}},"locations":[{"start":{"line":13,"column":12},"end":{"line":17,"column":3}}]},"2":{"type":"branch","line":21,"loc":{"start":{"line":21,"column":2},"end":{"line":39,"column":3}},"locations":[{"start":{"line":21,"column":2},"end":{"line":39,"column":3}}]},"3":{"type":"branch","line":23,"loc":{"start":{"line":23,"column":46},"end":{"line":23,"column":59}},"locations":[{"start":{"line":23,"column":46},"end":{"line":23,"column":59}}]},"4":{"type":"branch","line":23,"loc":{"start":{"line":23,"column":53},"end":{"line":34,"column":45}},"locations":[{"start":{"line":23,"column":53},"end":{"line":34,"column":45}}]},"5":{"type":"branch","line":34,"loc":{"start":{"line":34,"column":38},"end":{"line":38,"column":16}},"locations":[{"start":{"line":34,"column":38},"end":{"line":38,"column":16}}]},"6":{"type":"branch","line":42,"loc":{"start":{"line":42,"column":2},"end":{"line":49,"column":3}},"locations":[{"start":{"line":42,"column":2},"end":{"line":49,"column":3}}]},"7":{"type":"branch","line":43,"loc":{"start":{"line":43,"column":26},"end":{"line":43,"column":40}},"locations":[{"start":{"line":43,"column":26},"end":{"line":43,"column":40}}]},"8":{"type":"branch","line":43,"loc":{"start":{"line":43,"column":50},"end":{"line":43,"column":64}},"locations":[{"start":{"line":43,"column":50},"end":{"line":43,"column":64}}]},"9":{"type":"branch","line":43,"loc":{"start":{"line":43,"column":55},"end":{"line":43,"column":72}},"locations":[{"start":{"line":43,"column":55},"end":{"line":43,"column":72}}]},"10":{"type":"branch","line":45,"loc":{"start":{"line":45,"column":24},"end":{"line":45,"column":37}},"locations":[{"start":{"line":45,"column":24},"end":{"line":45,"column":37}}]},"11":{"type":"branch","line":45,"loc":{"start":{"line":45,"column":31},"end":{"line":48,"column":16}},"locations":[{"start":{"line":45,"column":31},"end":{"line":48,"column":16}}]},"12":{"type":"branch","line":52,"loc":{"start":{"line":52,"column":2},"end":{"line":52,"column":70}},"locations":[{"start":{"line":52,"column":2},"end":{"line":52,"column":70}}]},"13":{"type":"branch","line":59,"loc":{"start":{"line":59,"column":0},"end":{"line":62,"column":1}},"locations":[{"start":{"line":59,"column":0},"end":{"line":62,"column":1}}]}},"b":{"0":[4],"1":[4],"2":[3],"3":[1],"4":[2],"5":[1],"6":[6],"7":[0],"8":[5],"9":[1],"10":[1],"11":[5],"12":[3],"13":[3]},"fnMap":{"0":{"name":"<instance_members_initializer>","decl":{"start":{"line":8,"column":11},"end":{"line":11,"column":27}},"loc":{"start":{"line":8,"column":11},"end":{"line":11,"column":27}},"line":8},"1":{"name":"Piece","decl":{"start":{"line":13,"column":12},"end":{"line":17,"column":3}},"loc":{"start":{"line":13,"column":12},"end":{"line":17,"column":3}},"line":13},"2":{"name":"tryMove","decl":{"start":{"line":21,"column":2},"end":{"line":39,"column":3}},"loc":{"start":{"line":21,"column":2},"end":{"line":39,"column":3}},"line":21},"3":{"name":"tryTurn","decl":{"start":{"line":42,"column":2},"end":{"line":49,"column":3}},"loc":{"start":{"line":42,"column":2},"end":{"line":49,"column":3}},"line":42},"4":{"name":"moveForward","decl":{"start":{"line":52,"column":2},"end":{"line":52,"column":70}},"loc":{"start":{"line":52,"column":2},"end":{"line":52,"column":70}},"line":52},"5":{"name":"moveBackward","decl":{"start":{"line":53,"column":2},"end":{"line":53,"column":79}},"loc":{"start":{"line":53,"column":2},"end":{"line":53,"column":79}},"line":53},"6":{"name":"resetAP","decl":{"start":{"line":55,"column":2},"end":{"line":55,"column":38}},"loc":{"start":{"line":55,"column":2},"end":{"line":55,"column":38}},"line":55},"7":{"name":"dirToDelta","decl":{"start":{"line":59,"column":0},"end":{"line":62,"column":1}},"loc":{"start":{"line":59,"column":0},"end":{"line":62,"column":1}},"line":59}},"f":{"0":4,"1":4,"2":3,"3":6,"4":3,"5":0,"6":0,"7":3}}
,"/Users/harry/Code/sulk/sulkweb/packages/engine/src/pieces/StormBolterMarine.ts": {"path":"/Users/harry/Code/sulk/sulkweb/packages/engine/src/pieces/StormBolterMarine.ts","all":false,"statementMap":{"0":{"start":{"line":1,"column":0},"end":{"line":1,"column":42}},"2":{"start":{"line":3,"column":0},"end":{"line":3,"column":43}},"4":{"start":{"line":5,"column":0},"end":{"line":5,"column":46}},"5":{"start":{"line":6,"column":0},"end":{"line":6,"column":64}},"6":{"start":{"line":7,"column":0},"end":{"line":7,"column":32}},"7":{"start":{"line":8,"column":0},"end":{"line":8,"column":3}},"10":{"start":{"line":11,"column":0},"end":{"line":11,"column":57}},"11":{"start":{"line":12,"column":0},"end":{"line":12,"column":1}}},"s":{"0":1,"2":1,"4":1,"5":1,"6":4,"7":4,"10":1,"11":1},"branchMap":{"0":{"type":"branch","line":6,"loc":{"start":{"line":6,"column":2},"end":{"line":8,"column":3}},"locations":[{"start":{"line":6,"column":2},"end":{"line":8,"column":3}}]},"1":{"type":"branch","line":11,"loc":{"start":{"line":11,"column":2},"end":{"line":11,"column":57}},"locations":[{"start":{"line":11,"column":2},"end":{"line":11,"column":57}}]}},"b":{"0":[4],"1":[2]},"fnMap":{"0":{"name":"StormBolterMarine","decl":{"start":{"line":6,"column":2},"end":{"line":8,"column":3}},"loc":{"start":{"line":6,"column":2},"end":{"line":8,"column":3}},"line":6},"1":{"name":"<static_initializer>","decl":{"start":{"line":11,"column":2},"end":{"line":11,"column":57}},"loc":{"start":{"line":11,"column":2},"end":{"line":11,"column":57}},"line":11}},"f":{"0":4,"1":2}}
,"/Users/harry/Code/sulk/sulkweb/packages/engine/src/rules/Door.ts": {"path":"/Users/harry/Code/sulk/sulkweb/packages/engine/src/rules/Door.ts","all":false,"statementMap":{"1":{"start":{"line":2,"column":0},"end":{"line":2,"column":39}},"5":{"start":{"line":6,"column":0},"end":{"line":6,"column":35}},"6":{"start":{"line":7,"column":0},"end":{"line":7,"column":23}},"7":{"start":{"line":8,"column":0},"end":{"line":8,"column":22}},"9":{"start":{"line":10,"column":0},"end":{"line":10,"column":82}},"11":{"start":{"line":12,"column":0},"end":{"line":12,"column":39}},"12":{"start":{"line":13,"column":0},"end":{"line":13,"column":38}},"14":{"start":{"line":15,"column":0},"end":{"line":15,"column":61}},"16":{"start":{"line":17,"column":0},"end":{"line":17,"column":37}},"17":{"start":{"line":18,"column":0},"end":{"line":18,"column":37}},"18":{"start":{"line":19,"column":0},"end":{"line":19,"column":1}}},"s":{"1":1,"5":1,"6":1,"7":4,"9":1,"11":1,"12":1,"14":1,"16":1,"17":1,"18":1},"branchMap":{"0":{"type":"branch","line":7,"loc":{"start":{"line":7,"column":10},"end":{"line":8,"column":22}},"locations":[{"start":{"line":7,"column":10},"end":{"line":8,"column":22}}]},"1":{"type":"branch","line":10,"loc":{"start":{"line":10,"column":2},"end":{"line":10,"column":82}},"locations":[{"start":{"line":10,"column":2},"end":{"line":10,"column":82}}]},"2":{"type":"branch","line":12,"loc":{"start":{"line":12,"column":2},"end":{"line":12,"column":39}},"locations":[{"start":{"line":12,"column":2},"end":{"line":12,"column":39}}]},"3":{"type":"branch","line":13,"loc":{"start":{"line":13,"column":2},"end":{"line":13,"column":38}},"locations":[{"start":{"line":13,"column":2},"end":{"line":13,"column":38}}]},"4":{"type":"branch","line":15,"loc":{"start":{"line":15,"column":2},"end":{"line":15,"column":61}},"locations":[{"start":{"line":15,"column":2},"end":{"line":15,"column":61}}]},"5":{"type":"branch","line":15,"loc":{"start":{"line":15,"column":24},"end":{"line":15,"column":47}},"locations":[{"start":{"line":15,"column":24},"end":{"line":15,"column":47}}]},"6":{"type":"branch","line":15,"loc":{"start":{"line":15,"column":43},"end":{"line":15,"column":60}},"locations":[{"start":{"line":15,"column":43},"end":{"line":15,"column":60}}]},"7":{"type":"branch","line":17,"loc":{"start":{"line":17,"column":2},"end":{"line":17,"column":37}},"locations":[{"start":{"line":17,"column":2},"end":{"line":17,"column":37}}]},"8":{"type":"branch","line":18,"loc":{"start":{"line":18,"column":2},"end":{"line":18,"column":37}},"locations":[{"start":{"line":18,"column":2},"end":{"line":18,"column":37}}]}},"b":{"0":[4],"1":[4],"2":[3],"3":[2],"4":[2],"5":[1],"6":[1],"7":[11],"8":[2]},"fnMap":{"0":{"name":"<instance_members_initializer>","decl":{"start":{"line":7,"column":10},"end":{"line":8,"column":22}},"loc":{"start":{"line":7,"column":10},"end":{"line":8,"column":22}},"line":7},"1":{"name":"Door","decl":{"start":{"line":10,"column":2},"end":{"line":10,"column":82}},"loc":{"start":{"line":10,"column":2},"end":{"line":10,"column":82}},"line":10},"2":{"name":"open","decl":{"start":{"line":12,"column":2},"end":{"line":12,"column":39}},"loc":{"start":{"line":12,"column":2},"end":{"line":12,"column":39}},"line":12},"3":{"name":"close","decl":{"start":{"line":13,"column":2},"end":{"line":13,"column":38}},"loc":{"start":{"line":13,"column":2},"end":{"line":13,"column":38}},"line":13},"4":{"name":"toggle","decl":{"start":{"line":15,"column":2},"end":{"line":15,"column":61}},"loc":{"start":{"line":15,"column":2},"end":{"line":15,"column":61}},"line":15},"5":{"name":"blocksMove","decl":{"start":{"line":17,"column":2},"end":{"line":17,"column":37}},"loc":{"start":{"line":17,"column":2},"end":{"line":17,"column":37}},"line":17},"6":{"name":"blocksLOS","decl":{"start":{"line":18,"column":2},"end":{"line":18,"column":37}},"loc":{"start":{"line":18,"column":2},"end":{"line":18,"column":37}},"line":18}},"f":{"0":4,"1":4,"2":3,"3":2,"4":2,"5":11,"6":2}}
,"/Users/harry/Code/sulk/sulkweb/packages/engine/src/rules/Feature.ts": {"path":"/Users/harry/Code/sulk/sulkweb/packages/engine/src/rules/Feature.ts","all":false,"statementMap":{"3":{"start":{"line":4,"column":0},"end":{"line":4,"column":31}},"4":{"start":{"line":5,"column":0},"end":{"line":5,"column":53}},"5":{"start":{"line":6,"column":0},"end":{"line":6,"column":64}},"11":{"start":{"line":12,"column":0},"end":{"line":12,"column":1}}},"s":{"3":1,"4":1,"5":1,"11":1},"branchMap":{"0":{"type":"branch","line":5,"loc":{"start":{"line":5,"column":11},"end":{"line":5,"column":53}},"locations":[{"start":{"line":5,"column":11},"end":{"line":5,"column":53}}]},"1":{"type":"branch","line":6,"loc":{"start":{"line":6,"column":12},"end":{"line":6,"column":64}},"locations":[{"start":{"line":6,"column":12},"end":{"line":6,"column":64}}]}},"b":{"0":[7],"1":[7]},"fnMap":{"0":{"name":"<instance_members_initializer>","decl":{"start":{"line":5,"column":11},"end":{"line":5,"column":53}},"loc":{"start":{"line":5,"column":11},"end":{"line":5,"column":53}},"line":5},"1":{"name":"Feature","decl":{"start":{"line":6,"column":12},"end":{"line":6,"column":64}},"loc":{"start":{"line":6,"column":12},"end":{"line":6,"column":64}},"line":6}},"f":{"0":7,"1":7}}
,"/Users/harry/Code/sulk/sulkweb/packages/engine/src/rules/Piece.ts": {"path":"/Users/harry/Code/sulk/sulkweb/packages/engine/src/rules/Piece.ts","all":false,"statementMap":{"0":{"start":{"line":1,"column":0},"end":{"line":1,"column":46}},"1":{"start":{"line":2,"column":0},"end":{"line":2,"column":55}},"5":{"start":{"line":6,"column":0},"end":{"line":6,"column":20}},"6":{"start":{"line":7,"column":0},"end":{"line":7,"column":23}},"7":{"start":{"line":8,"column":0},"end":{"line":8,"column":16}},"8":{"start":{"line":9,"column":0},"end":{"line":9,"column":13}},"9":{"start":{"line":10,"column":0},"end":{"line":10,"column":17}},"10":{"start":{"line":11,"column":0},"end":{"line":11,"column":17}},"12":{"start":{"line":13,"column":0},"end":{"line":13,"column":62}},"13":{"start":{"line":14,"column":0},"end":{"line":14,"column":22}},"14":{"start":{"line":15,"column":0},"end":{"line":15,"column":24}},"15":{"start":{"line":16,"column":0},"end":{"line":16,"column":24}},"16":{"start":{"line":17,"column":0},"end":{"line":17,"column":3}},"22":{"start":{"line":23,"column":0},"end":{"line":23,"column":45}},"23":{"start":{"line":24,"column":0},"end":{"line":24,"column":45}},"24":{"start":{"line":25,"column":0},"end":{"line":25,"column":70}},"25":{"start":{"line":26,"column":0},"end":{"line":26,"column":70}},"27":{"start":{"line":28,"column":0},"end":{"line":28,"column":58}},"30":{"start":{"line":31,"column":0},"end":{"line":31,"column":42}},"31":{"start":{"line":32,"column":0},"end":{"line":32,"column":33}},"32":{"start":{"line":33,"column":0},"end":{"line":33,"column":25}},"33":{"start":{"line":34,"column":0},"end":{"line":34,"column":7}},"34":{"start":{"line":35,"column":0},"end":{"line":35,"column":5}},"36":{"start":{"line":37,"column":0},"end":{"line":37,"column":54}},"37":{"start":{"line":38,"column":0},"end":{"line":38,"column":3}},"39":{"start":{"line":40,"column":0},"end":{"line":40,"column":31}},"40":{"start":{"line":41,"column":0},"end":{"line":41,"column":35}},"41":{"start":{"line":42,"column":0},"end":{"line":42,"column":34}},"42":{"start":{"line":43,"column":0},"end":{"line":43,"column":28}},"43":{"start":{"line":44,"column":0},"end":{"line":44,"column":22}},"44":{"start":{"line":45,"column":0},"end":{"line":45,"column":15}},"45":{"start":{"line":46,"column":0},"end":{"line":46,"column":3}},"47":{"start":{"line":48,"column":0},"end":{"line":48,"column":40}},"48":{"start":{"line":49,"column":0},"end":{"line":49,"column":30}},"49":{"start":{"line":50,"column":0},"end":{"line":50,"column":54}},"50":{"start":{"line":51,"column":0},"end":{"line":51,"column":3}},"52":{"start":{"line":53,"column":0},"end":{"line":53,"column":26}},"53":{"start":{"line":54,"column":0},"end":{"line":54,"column":33}},"54":{"start":{"line":55,"column":0},"end":{"line":55,"column":34}},"55":{"start":{"line":56,"column":0},"end":{"line":56,"column":28}},"56":{"start":{"line":57,"column":0},"end":{"line":57,"column":41}},"57":{"start":{"line":58,"column":0},"end":{"line":58,"column":15}},"58":{"start":{"line":59,"column":0},"end":{"line":59,"column":3}},"59":{"start":{"line":60,"column":0},"end":{"line":60,"column":1}}},"s":{"0":1,"1":1,"5":1,"6":1,"7":12,"8":12,"9":12,"10":12,"12":1,"13":12,"14":12,"15":12,"16":12,"22":1,"23":14,"24":12,"25":12,"27":11,"30":14,"31":4,"32":2,"33":2,"34":4,"36":14,"37":14,"39":1,"40":6,"41":6,"42":3,"43":3,"44":3,"45":6,"47":1,"48":6,"49":6,"50":6,"52":1,"53":3,"54":3,"55":2,"56":2,"57":2,"58":3,"59":1},"branchMap":{"0":{"type":"branch","line":7,"loc":{"start":{"line":7,"column":11},"end":{"line":11,"column":17}},"locations":[{"start":{"line":7,"column":11},"end":{"line":11,"column":17}}]},"1":{"type":"branch","line":13,"loc":{"start":{"line":13,"column":2},"end":{"line":17,"column":3}},"locations":[{"start":{"line":13,"column":2},"end":{"line":17,"column":3}}]},"2":{"type":"branch","line":23,"loc":{"start":{"line":23,"column":2},"end":{"line":38,"column":3}},"locations":[{"start":{"line":23,"column":2},"end":{"line":38,"column":3}}]},"3":{"type":"branch","line":24,"loc":{"start":{"line":24,"column":39},"end":{"line":24,"column":45}},"locations":[{"start":{"line":24,"column":39},"end":{"line":24,"column":45}}]},"4":{"type":"branch","line":24,"loc":{"start":{"line":24,"column":39},"end":{"line":26,"column":70}},"locations":[{"start":{"line":24,"column":39},"end":{"line":26,"column":70}}]},"5":{"type":"branch","line":26,"loc":{"start":{"line":26,"column":20},"end":{"line":26,"column":70}},"locations":[{"start":{"line":26,"column":20},"end":{"line":26,"column":70}}]},"6":{"type":"branch","line":26,"loc":{"start":{"line":26,"column":20},"end":{"line":31,"column":41}},"locations":[{"start":{"line":26,"column":20},"end":{"line":31,"column":41}}]},"7":{"type":"branch","line":31,"loc":{"start":{"line":31,"column":41},"end":{"line":35,"column":5}},"locations":[{"start":{"line":31,"column":41},"end":{"line":35,"column":5}}]},"8":{"type":"branch","line":32,"loc":{"start":{"line":32,"column":32},"end":{"line":34,"column":7}},"locations":[{"start":{"line":32,"column":32},"end":{"line":34,"column":7}}]},"9":{"type":"branch","line":35,"loc":{"start":{"line":35,"column":4},"end":{"line":37,"column":38}},"locations":[{"start":{"line":35,"column":4},"end":{"line":37,"column":38}}]},"10":{"type":"branch","line":37,"loc":{"start":{"line":37,"column":24},"end":{"line":37,"column":45}},"locations":[{"start":{"line":37,"column":24},"end":{"line":37,"column":45}}]},"11":{"type":"branch","line":37,"loc":{"start":{"line":37,"column":38},"end":{"line":37,"column":54}},"locations":[{"start":{"line":37,"column":38},"end":{"line":37,"column":54}}]},"12":{"type":"branch","line":40,"loc":{"start":{"line":40,"column":2},"end":{"line":46,"column":3}},"locations":[{"start":{"line":40,"column":2},"end":{"line":46,"column":3}}]},"13":{"type":"branch","line":42,"loc":{"start":{"line":42,"column":22},"end":{"line":45,"column":15}},"locations":[{"start":{"line":42,"column":22},"end":{"line":45,"column":15}}]},"14":{"type":"branch","line":48,"loc":{"start":{"line":48,"column":2},"end":{"line":51,"column":3}},"locations":[{"start":{"line":48,"column":2},"end":{"line":51,"column":3}}]},"15":{"type":"branch","line":50,"loc":{"start":{"line":50,"column":24},"end":{"line":50,"column":45}},"locations":[{"start":{"line":50,"column":24},"end":{"line":50,"column":45}}]},"16":{"type":"branch","line":50,"loc":{"start":{"line":50,"column":38},"end":{"line":50,"column":54}},"locations":[{"start":{"line":50,"column":38},"end":{"line":50,"column":54}}]},"17":{"type":"branch","line":53,"loc":{"start":{"line":53,"column":2},"end":{"line":59,"column":3}},"locations":[{"start":{"line":53,"column":2},"end":{"line":59,"column":3}}]},"18":{"type":"branch","line":55,"loc":{"start":{"line":55,"column":22},"end":{"line":55,"column":34}},"locations":[{"start":{"line":55,"column":22},"end":{"line":55,"column":34}}]},"19":{"type":"branch","line":55,"loc":{"start":{"line":55,"column":29},"end":{"line":58,"column":15}},"locations":[{"start":{"line":55,"column":29},"end":{"line":58,"column":15}}]}},"b":{"0":[12],"1":[12],"2":[14],"3":[2],"4":[12],"5":[1],"6":[11],"7":[4],"8":[2],"9":[9],"10":[6],"11":[3],"12":[6],"13":[3],"14":[6],"15":[4],"16":[2],"17":[3],"18":[1],"19":[2]},"fnMap":{"0":{"name":"<instance_members_initializer>","decl":{"start":{"line":7,"column":11},"end":{"line":11,"column":17}},"loc":{"start":{"line":7,"column":11},"end":{"line":11,"column":17}},"line":7},"1":{"name":"Piece","decl":{"start":{"line":13,"column":2},"end":{"line":17,"column":3}},"loc":{"start":{"line":13,"column":2},"end":{"line":17,"column":3}},"line":13},"2":{"name":"canMove","decl":{"start":{"line":23,"column":2},"end":{"line":38,"column":3}},"loc":{"start":{"line":23,"column":2},"end":{"line":38,"column":3}},"line":23},"3":{"name":"move","decl":{"start":{"line":40,"column":2},"end":{"line":46,"column":3}},"loc":{"start":{"line":40,"column":2},"end":{"line":46,"column":3}},"line":40},"4":{"name":"canTurn","decl":{"start":{"line":48,"column":2},"end":{"line":51,"column":3}},"loc":{"start":{"line":48,"column":2},"end":{"line":51,"column":3}},"line":48},"5":{"name":"turn","decl":{"start":{"line":53,"column":2},"end":{"line":59,"column":3}},"loc":{"start":{"line":53,"column":2},"end":{"line":59,"column":3}},"line":53}},"f":{"0":12,"1":12,"2":14,"3":6,"4":6,"5":3}}
,"/Users/harry/Code/sulk/sulkweb/packages/engine/src/rules/costTables.ts": {"path":"/Users/harry/Code/sulk/sulkweb/packages/engine/src/rules/costTables.ts","all":false,"statementMap":{"3":{"start":{"line":4,"column":0},"end":{"line":4,"column":79}},"4":{"start":{"line":5,"column":0},"end":{"line":5,"column":44}},"5":{"start":{"line":6,"column":0},"end":{"line":6,"column":1}},"7":{"start":{"line":8,"column":0},"end":{"line":8,"column":47}},"8":{"start":{"line":9,"column":0},"end":{"line":9,"column":22}},"9":{"start":{"line":10,"column":0},"end":{"line":10,"column":21}},"10":{"start":{"line":11,"column":0},"end":{"line":11,"column":21}},"11":{"start":{"line":12,"column":0},"end":{"line":12,"column":22}},"12":{"start":{"line":13,"column":0},"end":{"line":13,"column":1}}},"s":{"3":1,"4":1,"5":1,"7":1,"8":1,"9":1,"10":1,"11":1,"12":1},"branchMap":{},"b":{},"fnMap":{},"f":{}}
,"/Users/harry/Code/sulk/sulkweb/packages/engine/src/rules/directions.ts": {"path":"/Users/harry/Code/sulk/sulkweb/packages/engine/src/rules/directions.ts","all":false,"statementMap":{"1":{"start":{"line":2,"column":0},"end":{"line":2,"column":31}},"2":{"start":{"line":3,"column":0},"end":{"line":3,"column":31}},"3":{"start":{"line":4,"column":0},"end":{"line":4,"column":32}},"4":{"start":{"line":5,"column":0},"end":{"line":5,"column":51}},"5":{"start":{"line":6,"column":0},"end":{"line":6,"column":36}},"6":{"start":{"line":7,"column":0},"end":{"line":7,"column":1}},"8":{"start":{"line":9,"column":0},"end":{"line":9,"column":59}},"9":{"start":{"line":10,"column":0},"end":{"line":10,"column":48}},"10":{"start":{"line":11,"column":0},"end":{"line":11,"column":1}}},"s":{"1":1,"2":1,"3":1,"4":1,"5":2,"6":2,"8":1,"9":4,"10":4},"branchMap":{"0":{"type":"branch","line":5,"loc":{"start":{"line":5,"column":7},"end":{"line":7,"column":1}},"locations":[{"start":{"line":5,"column":7},"end":{"line":7,"column":1}}]},"1":{"type":"branch","line":9,"loc":{"start":{"line":9,"column":7},"end":{"line":11,"column":1}},"locations":[{"start":{"line":9,"column":7},"end":{"line":11,"column":1}}]}},"b":{"0":[2],"1":[4]},"fnMap":{"0":{"name":"rotate","decl":{"start":{"line":5,"column":7},"end":{"line":7,"column":1}},"loc":{"start":{"line":5,"column":7},"end":{"line":7,"column":1}},"line":5},"1":{"name":"chebyshev","decl":{"start":{"line":9,"column":7},"end":{"line":11,"column":1}},"loc":{"start":{"line":9,"column":7},"end":{"line":11,"column":1}},"line":9}},"f":{"0":2,"1":4}}
}
